#
# A fatal error has been detected by the Java Runtime Environment:
#
#  EXCEPTION_IN_PAGE_ERROR (0xc0000006) at pc=0x00007fff3bda2c62, pid=9048, tid=9724
#
# JRE version: Java(TM) SE Runtime Environment 18.9 (11.0.18+9) (build 11.0.18+9-LTS-195)
# Java VM: Java HotSpot(TM) 64-Bit Server VM 18.9 (11.0.18+9-LTS-195, mixed mode, tiered, compressed oops, g1 gc, windows-amd64)
# Problematic frame:
# C  [ntdll.dll+0x32c62]
#
# No core dump will be written. Minidumps are not enabled by default on client versions of Windows
#
# If you would like to submit a bug report, please visit:
#   https://bugreport.java.com/bugreport/crash.jsp
#

---------------  S U M M A R Y ------------

Command Line: -XX:MaxMetaspaceSize=512m --add-opens=java.base/java.util=ALL-UNNAMED --add-opens=java.base/java.lang=ALL-UNNAMED --add-opens=java.base/java.lang.invoke=ALL-UNNAMED --add-opens=java.base/java.util=ALL-UNNAMED --add-opens=java.prefs/java.util.prefs=ALL-UNNAMED --add-opens=java.prefs/java.util.prefs=ALL-UNNAMED --add-opens=java.base/java.nio.charset=ALL-UNNAMED --add-opens=java.base/java.net=ALL-UNNAMED --add-opens=java.base/java.util.concurrent.atomic=ALL-UNNAMED -Xmx2048m -Dfile.encoding=windows-1252 -Duser.country=GB -Duser.language=en -Duser.variant org.gradle.launcher.daemon.bootstrap.GradleDaemon 7.5.1

Host: AMD Ryzen 5 2500U with Radeon Vega Mobile Gfx  , 8 cores, 6G,  Windows 10 , 64 bit Build 19041 (10.0.19041.2913)
Time: Tue May  9 11:56:26 2023 SE Asia Standard Time elapsed time: 3937.712715 seconds (0d 1h 5m 37s)

---------------  T H R E A D  ---------------

Current thread (0x00000243dc478000):  VMThread "VM Thread" [stack: 0x000000fcac500000,0x000000fcac600000] [id=9724]

Stack: [0x000000fcac500000,0x000000fcac600000],  sp=0x000000fcac5fd4e0,  free space=1013k
Native frames: (J=compiled Java code, j=interpreted, Vv=VM code, C=native code)
C  [ntdll.dll+0x32c62]
C  [ntdll.dll+0x513bc]
C  [ntdll.dll+0xa0f0e]
V  [jvm.dll+0x1e2f53]
V  [jvm.dll+0x1e327b]
V  [jvm.dll+0x1e0681]
V  [jvm.dll+0x1de01b]
V  [jvm.dll+0x735080]
V  [jvm.dll+0x2fb6af]
V  [jvm.dll+0x2f98ae]
V  [jvm.dll+0x7a8a68]
V  [jvm.dll+0x7a822c]
V  [jvm.dll+0x7a64b5]
V  [jvm.dll+0x7a6cf2]
V  [jvm.dll+0x7a7007]
V  [jvm.dll+0x75c924]
V  [jvm.dll+0x65c755]
C  [ucrtbase.dll+0x21bb2]
C  [KERNEL32.DLL+0x17614]
C  [ntdll.dll+0x526a1]


siginfo: EXCEPTION_IN_PAGE_ERROR (0xc0000006), reading address 0x00007ffec662e6b4


Register to memory mapping:

RIP=0x00007fff3bda2c62 ntdll.dll
RAX=0x00000000000169ad is an unknown value
RBX=0x00000000001e2f53 is an unknown value
RCX=0x000000000005a6c0 is an unknown value
RDX=0x0000000000007890 is an unknown value
RSP=0x000000fcac5fd4e0 points into unknown readable memory: 0x0000000000000000 | 00 00 00 00 00 00 00 00
RBP=0x000000fcac5fda70 points into unknown readable memory: 0x0000000000000000 | 00 00 00 00 00 00 00 00
RSI=0x0 is NULL
RDI=0x00007ffec65d4000 jvm.dll
R8 =0x00007ffec5b00000 jvm.dll
R9 =0x0000000000000001 is an unknown value
R10=0x00007fff3bef1510 ntdll.dll
R11=0x0000000000000011 is an unknown value
R12=0x0 is NULL
R13=0x0 is NULL
R14=0x000000fcac5fdb10 points into unknown readable memory: 0x0000000000000000 | 00 00 00 00 00 00 00 00
R15=0x000000fcac5fda88 points into unknown readable memory: 0x00007ffec5b00000 | 00 00 b0 c5 fe 7f 00 00


Registers:
RAX=0x00000000000169ad, RBX=0x00000000001e2f53, RCX=0x000000000005a6c0, RDX=0x0000000000007890
RSP=0x000000fcac5fd4e0, RBP=0x000000fcac5fda70, RSI=0x0000000000000000, RDI=0x00007ffec65d4000
R8 =0x00007ffec5b00000, R9 =0x0000000000000001, R10=0x00007fff3bef1510, R11=0x0000000000000011
R12=0x0000000000000000, R13=0x0000000000000000, R14=0x000000fcac5fdb10, R15=0x000000fcac5fda88
RIP=0x00007fff3bda2c62, EFLAGS=0x0000000000010206

Top of Stack: (sp=0x000000fcac5fd4e0)
0x000000fcac5fd4e0:   0000000000000000 000000fc00000000
0x000000fcac5fd4f0:   0000000000000002 0000000000000002
0x000000fcac5fd500:   00007ffec65d4000 00007ffec5b00000
0x000000fcac5fd510:   0005a6c000b68000 0000000000000000
0x000000fcac5fd520:   00007ffec5ce2f53 00007fff3bdc13bc
0x000000fcac5fd530:   000000fcac5fe130 0000000000000000
0x000000fcac5fd540:   0000000000000000 000000fcac5fd570
0x000000fcac5fd550:   0000000000000002 0000000000000001
0x000000fcac5fd560:   00004644e89c3383 0000000000000000
0x000000fcac5fd570:   0000000000000000 000000fcac5fd5d8
0x000000fcac5fd580:   0000000000000009 00007ffec5f18afc
0x000000fcac5fd590:   00000000000000ec 00007ffec6595350
0x000000fcac5fd5a0:   00001fa00010000f 00007ffec6150033
0x000000fcac5fd5b0:   00010202002b0002 00007ffec605a400
0x000000fcac5fd5c0:   0000000000000200 0000000000000000
0x000000fcac5fd5d0:   00007ffec6388d78 00007ffec636cf70 

Instructions: (pc=0x00007fff3bda2c62)
0x00007fff3bda2c42:   aa 4c 8b 44 24 28 33 f6 48 f7 e1 4d 89 07 48 c1
0x00007fff3bda2c52:   ea 03 85 d2 74 73 8d 42 ff 49 2b d8 48 8d 04 40
0x00007fff3bda2c62:   44 8b 1c 87 4c 8d 14 87 49 3b db 73 48 44 8d 42
0x00007fff3bda2c72:   fe 44 8b ce 45 85 c0 78 3c 0f 1f 44 00 00 43 8d 


Stack slot to memory mapping:
stack at sp + 0 slots: 0x0 is NULL
stack at sp + 1 slots: 0x000000fc00000000 is an unknown value
stack at sp + 2 slots: 0x0000000000000002 is an unknown value
stack at sp + 3 slots: 0x0000000000000002 is an unknown value
stack at sp + 4 slots: 0x00007ffec65d4000 jvm.dll
stack at sp + 5 slots: 0x00007ffec5b00000 jvm.dll
stack at sp + 6 slots: 0x0005a6c000b68000 is an unknown value
stack at sp + 7 slots: 0x0 is NULL

VM_Operation (0x000000fcac1ffb60): CGC_Operation, mode: safepoint, requested by thread 0x00000243bc4ea000


---------------  P R O C E S S  ---------------

Threads class SMR info:
_java_thread_list=0x00000243ebfcd670, length=45, elements={
0x00000243bc4a2800, 0x00000243dc47c000, 0x00000243dc487800, 0x00000243dc497000,
0x00000243dc499000, 0x00000243dc49a000, 0x00000243dc49b800, 0x00000243dce07800,
0x00000243dce0a000, 0x00000243dcf70000, 0x00000243df724000, 0x00000243dec78800,
0x00000243ddf54000, 0x00000243dd05c800, 0x00000243dd05e000, 0x00000243dd061800,
0x00000243dd05c000, 0x00000243dd05d800, 0x00000243dd062800, 0x00000243dde4d000,
0x00000243dde51000, 0x00000243dde4f800, 0x00000243dde56000, 0x00000243dde52000,
0x00000243dde57800, 0x00000243dde54800, 0x00000243dde58800, 0x00000243dde55000,
0x00000243e2c18800, 0x00000243e2c1b800, 0x00000243eb30f000, 0x00000243eb313000,
0x00000243eb310000, 0x00000243e2c13800, 0x00000243e2c11000, 0x00000243e2c0f800,
0x00000243e2c12000, 0x00000243e2c12800, 0x00000243e2c14000, 0x00000243e2c10000,
0x00000243e2c0e800, 0x00000243e2c15000, 0x00000243e2c16000, 0x00000243e2c1c800,
0x00000243e2c19000
}

Java Threads: ( => current thread )
  0x00000243bc4a2800 JavaThread "main" [_thread_blocked, id=9704, stack(0x000000fcabf00000,0x000000fcac000000)]
  0x00000243dc47c000 JavaThread "Reference Handler" daemon [_thread_blocked, id=5212, stack(0x000000fcac600000,0x000000fcac700000)]
  0x00000243dc487800 JavaThread "Finalizer" daemon [_thread_blocked, id=10616, stack(0x000000fcac700000,0x000000fcac800000)]
  0x00000243dc497000 JavaThread "Signal Dispatcher" daemon [_thread_blocked, id=9600, stack(0x000000fcac800000,0x000000fcac900000)]
  0x00000243dc499000 JavaThread "Attach Listener" daemon [_thread_blocked, id=11004, stack(0x000000fcac900000,0x000000fcaca00000)]
  0x00000243dc49a000 JavaThread "Service Thread" daemon [_thread_blocked, id=8624, stack(0x000000fcaca00000,0x000000fcacb00000)]
  0x00000243dc49b800 JavaThread "C2 CompilerThread0" daemon [_thread_blocked, id=4208, stack(0x000000fcacb00000,0x000000fcacc00000)]
  0x00000243dce07800 JavaThread "C1 CompilerThread0" daemon [_thread_blocked, id=4000, stack(0x000000fcacc00000,0x000000fcacd00000)]
  0x00000243dce0a000 JavaThread "Sweeper thread" daemon [_thread_blocked, id=9832, stack(0x000000fcacd00000,0x000000fcace00000)]
  0x00000243dcf70000 JavaThread "Common-Cleaner" daemon [_thread_blocked, id=2500, stack(0x000000fcace00000,0x000000fcacf00000)]
  0x00000243df724000 JavaThread "Daemon health stats" [_thread_blocked, id=9092, stack(0x000000fcad200000,0x000000fcad300000)]
  0x00000243dec78800 JavaThread "Incoming local TCP Connector on port 49976" [_thread_in_native, id=1356, stack(0x000000fcad000000,0x000000fcad100000)]
  0x00000243ddf54000 JavaThread "Daemon periodic checks" [_thread_blocked, id=10308, stack(0x000000fcad300000,0x000000fcad400000)]
  0x00000243dd05c800 JavaThread "Cache worker for journal cache (C:\Users\anonyMost\.gradle\caches\journal-1)" [_thread_blocked, id=5940, stack(0x000000fcae100000,0x000000fcae200000)]
  0x00000243dd05e000 JavaThread "File lock request listener" [_thread_in_native, id=2892, stack(0x000000fcae200000,0x000000fcae300000)]
  0x00000243dd061800 JavaThread "Cache worker for file hash cache (C:\Users\anonyMost\.gradle\caches\7.5.1\fileHashes)" [_thread_blocked, id=10600, stack(0x000000fcae300000,0x000000fcae400000)]
  0x00000243dd05c000 JavaThread "File watcher server" daemon [_thread_blocked, id=2608, stack(0x000000fcae600000,0x000000fcae700000)]
  0x00000243dd05d800 JavaThread "File watcher consumer" daemon [_thread_blocked, id=11168, stack(0x000000fcae700000,0x000000fcae800000)]
  0x00000243dd062800 JavaThread "Cache worker for file content cache (C:\Users\anonyMost\.gradle\caches\7.5.1\fileContent)" [_thread_blocked, id=2528, stack(0x000000fcae900000,0x000000fcaea00000)]
  0x00000243dde4d000 JavaThread "Cache worker for execution history cache (C:\Users\anonyMost\.gradle\caches\7.5.1\executionHistory)" [_thread_blocked, id=10960, stack(0x000000fcaed00000,0x000000fcaee00000)]
  0x00000243dde51000 JavaThread "jar transforms" [_thread_blocked, id=9464, stack(0x000000fcaee00000,0x000000fcaef00000)]
  0x00000243dde4f800 JavaThread "jar transforms Thread 2" [_thread_blocked, id=6580, stack(0x000000fcaef00000,0x000000fcaf000000)]
  0x00000243dde56000 JavaThread "jar transforms Thread 3" [_thread_blocked, id=4060, stack(0x000000fcaf000000,0x000000fcaf100000)]
  0x00000243dde52000 JavaThread "jar transforms Thread 4" [_thread_blocked, id=8284, stack(0x000000fcaf100000,0x000000fcaf200000)]
  0x00000243dde57800 JavaThread "Cache worker for kotlin-dsl (C:\Users\anonyMost\.gradle\caches\7.5.1\kotlin-dsl)" [_thread_blocked, id=5216, stack(0x000000fcaf200000,0x000000fcaf300000)]
  0x00000243dde54800 JavaThread "jar transforms Thread 5" [_thread_blocked, id=9908, stack(0x000000fcaf300000,0x000000fcaf400000)]
  0x00000243dde58800 JavaThread "jar transforms Thread 6" [_thread_blocked, id=9268, stack(0x000000fcabe00000,0x000000fcabf00000)]
  0x00000243dde55000 JavaThread "jar transforms Thread 7" [_thread_blocked, id=5500, stack(0x000000fcaf600000,0x000000fcaf700000)]
  0x00000243e2c18800 JavaThread "jar transforms Thread 8" [_thread_blocked, id=8836, stack(0x000000fcb1800000,0x000000fcb1900000)]
  0x00000243e2c1b800 JavaThread "Memory manager" [_thread_blocked, id=4444, stack(0x000000fcb1d00000,0x000000fcb1e00000)]
  0x00000243eb30f000 JavaThread "Monitor" [_thread_in_native, id=12212, stack(0x000000fcabc00000,0x000000fcabd00000)]
  0x00000243eb313000 JavaThread "JdwpProxyConnection" [_thread_in_native, id=9260, stack(0x000000fcabd00000,0x000000fcabe00000)]
  0x00000243eb310000 JavaThread "Device List Monitor" [_thread_in_native, id=9852, stack(0x000000fcb5800000,0x000000fcb5900000)]
  0x00000243e2c13800 JavaThread "Daemon Thread 2" [_thread_blocked, id=9436, stack(0x000000fcad400000,0x000000fcad500000)]
  0x00000243e2c11000 JavaThread "Handler for socket connection from /127.0.0.1:49976 to /127.0.0.1:51553" [_thread_in_native, id=5444, stack(0x000000fcad500000,0x000000fcad600000)]
  0x00000243e2c0f800 JavaThread "Cancel handler" [_thread_blocked, id=11856, stack(0x000000fcad600000,0x000000fcad700000)]
  0x00000243e2c12000 JavaThread "Daemon worker Thread 2" [_thread_blocked, id=7900, stack(0x000000fcad700000,0x000000fcad800000)]
  0x00000243e2c12800 JavaThread "Asynchronous log dispatcher for DefaultDaemonConnection: socket connection from /127.0.0.1:49976 to /127.0.0.1:51553" [_thread_blocked, id=3296, stack(0x000000fcad800000,0x000000fcad900000)]
  0x00000243e2c14000 JavaThread "Stdin handler" [_thread_blocked, id=1896, stack(0x000000fcad900000,0x000000fcada00000)]
  0x00000243e2c10000 JavaThread "Daemon client event forwarder" [_thread_blocked, id=10312, stack(0x000000fcada00000,0x000000fcadb00000)]
  0x00000243e2c0e800 JavaThread "Cache worker for checksums cache (C:\Users\anonyMost\Desktop\React-App-Layanan-Akta\android\.gradle\7.5.1\checksums)" [_thread_blocked, id=2676, stack(0x000000fcaea00000,0x000000fcaeb00000)]
  0x00000243e2c15000 JavaThread "Cache worker for cache directory md-rule (C:\Users\anonyMost\.gradle\caches\7.5.1\md-rule)" [_thread_blocked, id=11312, stack(0x000000fcaeb00000,0x000000fcaec00000)]
  0x00000243e2c16000 JavaThread "Cache worker for file hash cache (C:\Users\anonyMost\Desktop\React-App-Layanan-Akta\android\.gradle\7.5.1\fileHashes)" [_thread_blocked, id=10832, stack(0x000000fcaec00000,0x000000fcaed00000)]
  0x00000243e2c1c800 JavaThread "Cache worker for cache directory md-supplier (C:\Users\anonyMost\.gradle\caches\7.5.1\md-supplier)" [_thread_blocked, id=10316, stack(0x000000fcaf400000,0x000000fcaf500000)]
  0x00000243e2c19000 JavaThread "Cache worker for dependencies-accessors (C:\Users\anonyMost\Desktop\React-App-Layanan-Akta\android\.gradle\7.5.1\dependencies-accessors)" [_thread_blocked, id=11824, stack(0x000000fcae500000,0x000000fcae600000)]

Other Threads:
=>0x00000243dc478000 VMThread "VM Thread" [stack: 0x000000fcac500000,0x000000fcac600000] [id=9724]
  0x00000243dcf6c800 WatcherThread [stack: 0x000000fcacf00000,0x000000fcad000000] [id=3320]
  0x00000243bc4b9000 GCTaskThread "GC Thread#0" [stack: 0x000000fcac000000,0x000000fcac100000] [id=9652]
  0x00000243dd1e1800 GCTaskThread "GC Thread#1" [stack: 0x000000fcad100000,0x000000fcad200000] [id=5084]
  0x00000243df2ba800 GCTaskThread "GC Thread#2" [stack: 0x000000fcadb00000,0x000000fcadc00000] [id=10080]
  0x00000243dd06f800 GCTaskThread "GC Thread#3" [stack: 0x000000fcadc00000,0x000000fcadd00000] [id=5860]
  0x00000243dd070800 GCTaskThread "GC Thread#4" [stack: 0x000000fcadd00000,0x000000fcade00000] [id=9416]
  0x00000243df361800 GCTaskThread "GC Thread#5" [stack: 0x000000fcade00000,0x000000fcadf00000] [id=9332]
  0x00000243df363000 GCTaskThread "GC Thread#6" [stack: 0x000000fcadf00000,0x000000fcae000000] [id=7220]
  0x00000243df363800 GCTaskThread "GC Thread#7" [stack: 0x000000fcae000000,0x000000fcae100000] [id=7876]
  0x00000243bc4ea000 ConcurrentGCThread "G1 Main Marker" [stack: 0x000000fcac100000,0x000000fcac200000] [id=9996]
  0x00000243bc4eb800 ConcurrentGCThread "G1 Conc#0" [stack: 0x000000fcac200000,0x000000fcac300000] [id=5540]
  0x00000243df34c000 ConcurrentGCThread "G1 Conc#1" [stack: 0x000000fcae400000,0x000000fcae500000] [id=8428]
  0x00000243bc578000 ConcurrentGCThread "G1 Refine#0" [stack: 0x000000fcac300000,0x000000fcac400000] [id=5972]
  0x00000243bc579000 ConcurrentGCThread "G1 Young RemSet Sampling" [stack: 0x000000fcac400000,0x000000fcac500000] [id=4844]

Threads with active compile tasks:

VM state:at safepoint (normal execution)

VM Mutex/Monitor currently owned by a thread:  ([mutex/lock_event])
[0x00000243bc49dc30] Threads_lock - owner thread: 0x00000243dc478000
[0x00000243bc49e1d0] Heap_lock - owner thread: 0x00000243bc4ea000

Heap address: 0x0000000080000000, size: 2048 MB, Compressed Oops mode: 32-bit
Narrow klass base: 0x0000000000000000, Narrow klass shift: 3
Compressed class space size: 528482304 Address: 0x0000000100000000

Heap:
 garbage-first heap   total 346112K, used 182960K [0x0000000080000000, 0x0000000100000000)
  region size 1024K, 4 young (4096K), 1 survivors (1024K)
 Metaspace       used 124183K, capacity 128843K, committed 129144K, reserved 628736K
  class space    used 16255K, capacity 17978K, committed 18048K, reserved 516096K
Heap Regions: E=young(eden), S=young(survivor), O=old, HS=humongous(starts), HC=humongous(continues), CS=collection set, F=free, A=archive, TAMS=top-at-mark-start (previous, next)
|   0|0x0000000080000000, 0x0000000080100000, 0x0000000080100000|100%| O|  |TAMS 0x0000000080100000, 0x0000000080100000| Untracked 
|   1|0x0000000080100000, 0x0000000080200000, 0x0000000080200000|100%| O|  |TAMS 0x0000000080200000, 0x0000000080200000| Untracked 
|   2|0x0000000080200000, 0x0000000080300000, 0x0000000080300000|100%| O|  |TAMS 0x0000000080300000, 0x0000000080300000| Untracked 
|   3|0x0000000080300000, 0x0000000080400000, 0x0000000080400000|100%|HS|  |TAMS 0x0000000080400000, 0x0000000080400000| Complete 
|   4|0x0000000080400000, 0x0000000080500000, 0x0000000080500000|100%|HC|  |TAMS 0x0000000080500000, 0x0000000080500000| Complete 
|   5|0x0000000080500000, 0x0000000080600000, 0x0000000080600000|100%|HC|  |TAMS 0x0000000080600000, 0x0000000080600000| Complete 
|   6|0x0000000080600000, 0x0000000080700000, 0x0000000080700000|100%| O|  |TAMS 0x0000000080700000, 0x0000000080700000| Untracked 
|   7|0x0000000080700000, 0x0000000080800000, 0x0000000080800000|100%| O|  |TAMS 0x0000000080800000, 0x0000000080800000| Untracked 
|   8|0x0000000080800000, 0x0000000080900000, 0x0000000080900000|100%| O|  |TAMS 0x0000000080900000, 0x0000000080900000| Untracked 
|   9|0x0000000080900000, 0x0000000080a00000, 0x0000000080a00000|100%| O|  |TAMS 0x0000000080a00000, 0x0000000080a00000| Untracked 
|  10|0x0000000080a00000, 0x0000000080b00000, 0x0000000080b00000|100%| O|  |TAMS 0x0000000080b00000, 0x0000000080b00000| Untracked 
|  11|0x0000000080b00000, 0x0000000080c00000, 0x0000000080c00000|100%| O|  |TAMS 0x0000000080c00000, 0x0000000080c00000| Untracked 
|  12|0x0000000080c00000, 0x0000000080d00000, 0x0000000080d00000|100%| O|  |TAMS 0x0000000080d00000, 0x0000000080d00000| Untracked 
|  13|0x0000000080d00000, 0x0000000080e00000, 0x0000000080e00000|100%| O|  |TAMS 0x0000000080e00000, 0x0000000080e00000| Untracked 
|  14|0x0000000080e00000, 0x0000000080f00000, 0x0000000080f00000|100%| O|  |TAMS 0x0000000080f00000, 0x0000000080f00000| Untracked 
|  15|0x0000000080f00000, 0x0000000081000000, 0x0000000081000000|100%| O|  |TAMS 0x0000000081000000, 0x0000000081000000| Untracked 
|  16|0x0000000081000000, 0x0000000081100000, 0x0000000081100000|100%| O|  |TAMS 0x0000000081100000, 0x0000000081100000| Untracked 
|  17|0x0000000081100000, 0x0000000081200000, 0x0000000081200000|100%| O|  |TAMS 0x0000000081200000, 0x0000000081200000| Untracked 
|  18|0x0000000081200000, 0x0000000081300000, 0x0000000081300000|100%| O|  |TAMS 0x0000000081300000, 0x0000000081300000| Untracked 
|  19|0x0000000081300000, 0x0000000081400000, 0x0000000081400000|100%| O|  |TAMS 0x0000000081400000, 0x0000000081400000| Untracked 
|  20|0x0000000081400000, 0x0000000081500000, 0x0000000081500000|100%| O|  |TAMS 0x0000000081500000, 0x0000000081500000| Untracked 
|  21|0x0000000081500000, 0x0000000081600000, 0x0000000081600000|100%| O|  |TAMS 0x0000000081600000, 0x0000000081600000| Untracked 
|  22|0x0000000081600000, 0x0000000081700000, 0x0000000081700000|100%| O|  |TAMS 0x0000000081700000, 0x0000000081700000| Untracked 
|  23|0x0000000081700000, 0x0000000081800000, 0x0000000081800000|100%| O|  |TAMS 0x0000000081800000, 0x0000000081800000| Untracked 
|  24|0x0000000081800000, 0x0000000081900000, 0x0000000081900000|100%| O|  |TAMS 0x0000000081900000, 0x0000000081900000| Untracked 
|  25|0x0000000081900000, 0x0000000081a00000, 0x0000000081a00000|100%| O|  |TAMS 0x0000000081a00000, 0x0000000081a00000| Untracked 
|  26|0x0000000081a00000, 0x0000000081b00000, 0x0000000081b00000|100%| O|  |TAMS 0x0000000081b00000, 0x0000000081b00000| Untracked 
|  27|0x0000000081b00000, 0x0000000081c00000, 0x0000000081c00000|100%| O|  |TAMS 0x0000000081c00000, 0x0000000081c00000| Untracked 
|  28|0x0000000081c00000, 0x0000000081d00000, 0x0000000081d00000|100%| O|  |TAMS 0x0000000081d00000, 0x0000000081d00000| Untracked 
|  29|0x0000000081d00000, 0x0000000081e00000, 0x0000000081e00000|100%| O|  |TAMS 0x0000000081e00000, 0x0000000081e00000| Untracked 
|  30|0x0000000081e00000, 0x0000000081f00000, 0x0000000081f00000|100%|HS|  |TAMS 0x0000000081f00000, 0x0000000081f00000| Complete 
|  31|0x0000000081f00000, 0x0000000082000000, 0x0000000082000000|100%|HS|  |TAMS 0x0000000082000000, 0x0000000082000000| Complete 
|  32|0x0000000082000000, 0x0000000082100000, 0x0000000082100000|100%|HC|  |TAMS 0x0000000082100000, 0x0000000082100000| Complete 
|  33|0x0000000082100000, 0x0000000082200000, 0x0000000082200000|100%|HC|  |TAMS 0x0000000082200000, 0x0000000082200000| Complete 
|  34|0x0000000082200000, 0x0000000082300000, 0x0000000082300000|100%| O|  |TAMS 0x0000000082300000, 0x0000000082300000| Untracked 
|  35|0x0000000082300000, 0x0000000082300000, 0x0000000082400000|  0%| F|  |TAMS 0x0000000082300000, 0x0000000082300000| Untracked 
|  36|0x0000000082400000, 0x0000000082500000, 0x0000000082500000|100%| O|  |TAMS 0x0000000082500000, 0x0000000082500000| Untracked 
|  37|0x0000000082500000, 0x0000000082600000, 0x0000000082600000|100%| O|  |TAMS 0x0000000082600000, 0x0000000082600000| Untracked 
|  38|0x0000000082600000, 0x0000000082700000, 0x0000000082700000|100%| O|  |TAMS 0x0000000082700000, 0x0000000082700000| Untracked 
|  39|0x0000000082700000, 0x0000000082800000, 0x0000000082800000|100%| O|  |TAMS 0x0000000082800000, 0x0000000082800000| Untracked 
|  40|0x0000000082800000, 0x0000000082900000, 0x0000000082900000|100%| O|  |TAMS 0x0000000082900000, 0x0000000082900000| Untracked 
|  41|0x0000000082900000, 0x0000000082a00000, 0x0000000082a00000|100%| O|  |TAMS 0x0000000082a00000, 0x0000000082a00000| Untracked 
|  42|0x0000000082a00000, 0x0000000082b00000, 0x0000000082b00000|100%| O|  |TAMS 0x0000000082b00000, 0x0000000082b00000| Untracked 
|  43|0x0000000082b00000, 0x0000000082c00000, 0x0000000082c00000|100%| O|  |TAMS 0x0000000082c00000, 0x0000000082c00000| Untracked 
|  44|0x0000000082c00000, 0x0000000082d00000, 0x0000000082d00000|100%| O|  |TAMS 0x0000000082d00000, 0x0000000082d00000| Untracked 
|  45|0x0000000082d00000, 0x0000000082e00000, 0x0000000082e00000|100%| O|  |TAMS 0x0000000082e00000, 0x0000000082e00000| Untracked 
|  46|0x0000000082e00000, 0x0000000082f00000, 0x0000000082f00000|100%| O|  |TAMS 0x0000000082f00000, 0x0000000082f00000| Untracked 
|  47|0x0000000082f00000, 0x0000000083000000, 0x0000000083000000|100%| O|  |TAMS 0x0000000083000000, 0x0000000083000000| Untracked 
|  48|0x0000000083000000, 0x0000000083100000, 0x0000000083100000|100%| O|  |TAMS 0x0000000083100000, 0x0000000083100000| Untracked 
|  49|0x0000000083100000, 0x0000000083200000, 0x0000000083200000|100%| O|  |TAMS 0x0000000083200000, 0x0000000083200000| Untracked 
|  50|0x0000000083200000, 0x0000000083300000, 0x0000000083300000|100%| O|  |TAMS 0x0000000083300000, 0x0000000083300000| Untracked 
|  51|0x0000000083300000, 0x0000000083300000, 0x0000000083400000|  0%| F|  |TAMS 0x0000000083300000, 0x0000000083300000| Untracked 
|  52|0x0000000083400000, 0x0000000083500000, 0x0000000083500000|100%| O|  |TAMS 0x0000000083400000, 0x0000000083500000| Untracked 
|  53|0x0000000083500000, 0x0000000083600000, 0x0000000083600000|100%| O|  |TAMS 0x0000000083600000, 0x0000000083600000| Untracked 
|  54|0x0000000083600000, 0x0000000083700000, 0x0000000083700000|100%|HS|  |TAMS 0x0000000083700000, 0x0000000083700000| Complete 
|  55|0x0000000083700000, 0x0000000083800000, 0x0000000083800000|100%|HS|  |TAMS 0x0000000083800000, 0x0000000083800000| Complete 
|  56|0x0000000083800000, 0x0000000083900000, 0x0000000083900000|100%| O|  |TAMS 0x0000000083900000, 0x0000000083900000| Untracked 
|  57|0x0000000083900000, 0x0000000083900000, 0x0000000083a00000|  0%| F|  |TAMS 0x0000000083900000, 0x0000000083900000| Untracked 
|  58|0x0000000083a00000, 0x0000000083b00000, 0x0000000083b00000|100%| O|  |TAMS 0x0000000083b00000, 0x0000000083b00000| Untracked 
|  59|0x0000000083b00000, 0x0000000083c00000, 0x0000000083c00000|100%| O|  |TAMS 0x0000000083c00000, 0x0000000083c00000| Untracked 
|  60|0x0000000083c00000, 0x0000000083d00000, 0x0000000083d00000|100%| O|  |TAMS 0x0000000083d00000, 0x0000000083d00000| Untracked 
|  61|0x0000000083d00000, 0x0000000083e00000, 0x0000000083e00000|100%| O|  |TAMS 0x0000000083e00000, 0x0000000083e00000| Untracked 
|  62|0x0000000083e00000, 0x0000000083f00000, 0x0000000083f00000|100%| O|  |TAMS 0x0000000083f00000, 0x0000000083f00000| Untracked 
|  63|0x0000000083f00000, 0x0000000084000000, 0x0000000084000000|100%| O|  |TAMS 0x0000000084000000, 0x0000000084000000| Untracked 
|  64|0x0000000084000000, 0x0000000084100000, 0x0000000084100000|100%|HS|  |TAMS 0x0000000084100000, 0x0000000084100000| Complete 
|  65|0x0000000084100000, 0x0000000084200000, 0x0000000084200000|100%|HC|  |TAMS 0x0000000084200000, 0x0000000084200000| Complete 
|  66|0x0000000084200000, 0x0000000084300000, 0x0000000084300000|100%| O|  |TAMS 0x0000000084300000, 0x0000000084300000| Untracked 
|  67|0x0000000084300000, 0x0000000084400000, 0x0000000084400000|100%| O|  |TAMS 0x0000000084400000, 0x0000000084400000| Untracked 
|  68|0x0000000084400000, 0x0000000084500000, 0x0000000084500000|100%| O|  |TAMS 0x0000000084500000, 0x0000000084500000| Untracked 
|  69|0x0000000084500000, 0x0000000084600000, 0x0000000084600000|100%| O|  |TAMS 0x0000000084600000, 0x0000000084600000| Untracked 
|  70|0x0000000084600000, 0x0000000084700000, 0x0000000084700000|100%| O|  |TAMS 0x0000000084700000, 0x0000000084700000| Untracked 
|  71|0x0000000084700000, 0x0000000084800000, 0x0000000084800000|100%| O|  |TAMS 0x0000000084800000, 0x0000000084800000| Untracked 
|  72|0x0000000084800000, 0x0000000084900000, 0x0000000084900000|100%| O|  |TAMS 0x0000000084900000, 0x0000000084900000| Untracked 
|  73|0x0000000084900000, 0x0000000084a00000, 0x0000000084a00000|100%| O|  |TAMS 0x0000000084a00000, 0x0000000084a00000| Untracked 
|  74|0x0000000084a00000, 0x0000000084b00000, 0x0000000084b00000|100%| O|  |TAMS 0x0000000084b00000, 0x0000000084b00000| Untracked 
|  75|0x0000000084b00000, 0x0000000084c00000, 0x0000000084c00000|100%| O|  |TAMS 0x0000000084c00000, 0x0000000084c00000| Untracked 
|  76|0x0000000084c00000, 0x0000000084d00000, 0x0000000084d00000|100%| O|  |TAMS 0x0000000084d00000, 0x0000000084d00000| Untracked 
|  77|0x0000000084d00000, 0x0000000084e00000, 0x0000000084e00000|100%| O|  |TAMS 0x0000000084e00000, 0x0000000084e00000| Untracked 
|  78|0x0000000084e00000, 0x0000000084f00000, 0x0000000084f00000|100%| O|  |TAMS 0x0000000084f00000, 0x0000000084f00000| Untracked 
|  79|0x0000000084f00000, 0x0000000084f00000, 0x0000000085000000|  0%| F|  |TAMS 0x0000000084f00000, 0x0000000084f00000| Untracked 
|  80|0x0000000085000000, 0x0000000085100000, 0x0000000085100000|100%| O|  |TAMS 0x0000000085100000, 0x0000000085100000| Untracked 
|  81|0x0000000085100000, 0x0000000085200000, 0x0000000085200000|100%| O|  |TAMS 0x0000000085200000, 0x0000000085200000| Untracked 
|  82|0x0000000085200000, 0x0000000085300000, 0x0000000085300000|100%| O|  |TAMS 0x0000000085300000, 0x0000000085300000| Untracked 
|  83|0x0000000085300000, 0x0000000085400000, 0x0000000085400000|100%| O|  |TAMS 0x0000000085400000, 0x0000000085400000| Untracked 
|  84|0x0000000085400000, 0x0000000085500000, 0x0000000085500000|100%| O|  |TAMS 0x0000000085500000, 0x0000000085500000| Untracked 
|  85|0x0000000085500000, 0x0000000085500000, 0x0000000085600000|  0%| F|  |TAMS 0x0000000085500000, 0x0000000085500000| Untracked 
|  86|0x0000000085600000, 0x0000000085700000, 0x0000000085700000|100%| O|  |TAMS 0x0000000085600000, 0x0000000085700000| Untracked 
|  87|0x0000000085700000, 0x0000000085800000, 0x0000000085800000|100%| O|  |TAMS 0x0000000085700000, 0x0000000085800000| Untracked 
|  88|0x0000000085800000, 0x0000000085800000, 0x0000000085900000|  0%| F|  |TAMS 0x0000000085800000, 0x0000000085800000| Untracked 
|  89|0x0000000085900000, 0x0000000085a00000, 0x0000000085a00000|100%| O|  |TAMS 0x0000000085900000, 0x0000000085a00000| Untracked 
|  90|0x0000000085a00000, 0x0000000085b00000, 0x0000000085b00000|100%| O|  |TAMS 0x0000000085a00000, 0x0000000085b00000| Untracked 
|  91|0x0000000085b00000, 0x0000000085c00000, 0x0000000085c00000|100%| O|  |TAMS 0x0000000085b00000, 0x0000000085c00000| Untracked 
|  92|0x0000000085c00000, 0x0000000085d00000, 0x0000000085d00000|100%| O|  |TAMS 0x0000000085d00000, 0x0000000085d00000| Untracked 
|  93|0x0000000085d00000, 0x0000000085d00000, 0x0000000085e00000|  0%| F|  |TAMS 0x0000000085d00000, 0x0000000085d00000| Untracked 
|  94|0x0000000085e00000, 0x0000000085f00000, 0x0000000085f00000|100%|HS|  |TAMS 0x0000000085f00000, 0x0000000085f00000| Complete 
|  95|0x0000000085f00000, 0x0000000086000000, 0x0000000086000000|100%|HS|  |TAMS 0x0000000086000000, 0x0000000086000000| Complete 
|  96|0x0000000086000000, 0x0000000086100000, 0x0000000086100000|100%|HS|  |TAMS 0x0000000086100000, 0x0000000086100000| Complete 
|  97|0x0000000086100000, 0x0000000086200000, 0x0000000086200000|100%|HS|  |TAMS 0x0000000086200000, 0x0000000086200000| Complete 
|  98|0x0000000086200000, 0x0000000086300000, 0x0000000086300000|100%|HC|  |TAMS 0x0000000086300000, 0x0000000086300000| Complete 
|  99|0x0000000086300000, 0x0000000086400000, 0x0000000086400000|100%|HC|  |TAMS 0x0000000086400000, 0x0000000086400000| Complete 
| 100|0x0000000086400000, 0x0000000086500000, 0x0000000086500000|100%| O|  |TAMS 0x0000000086500000, 0x0000000086500000| Untracked 
| 101|0x0000000086500000, 0x0000000086500000, 0x0000000086600000|  0%| F|  |TAMS 0x0000000086500000, 0x0000000086500000| Untracked 
| 102|0x0000000086600000, 0x0000000086700000, 0x0000000086700000|100%| O|  |TAMS 0x0000000086700000, 0x0000000086700000| Untracked 
| 103|0x0000000086700000, 0x0000000086800000, 0x0000000086800000|100%| O|  |TAMS 0x0000000086800000, 0x0000000086800000| Untracked 
| 104|0x0000000086800000, 0x0000000086900000, 0x0000000086900000|100%| O|  |TAMS 0x0000000086900000, 0x0000000086900000| Untracked 
| 105|0x0000000086900000, 0x0000000086a00000, 0x0000000086a00000|100%| O|  |TAMS 0x0000000086a00000, 0x0000000086a00000| Untracked 
| 106|0x0000000086a00000, 0x0000000086a00000, 0x0000000086b00000|  0%| F|  |TAMS 0x0000000086a00000, 0x0000000086a00000| Untracked 
| 107|0x0000000086b00000, 0x0000000086c00000, 0x0000000086c00000|100%| O|  |TAMS 0x0000000086c00000, 0x0000000086c00000| Untracked 
| 108|0x0000000086c00000, 0x0000000086c00000, 0x0000000086d00000|  0%| F|  |TAMS 0x0000000086c00000, 0x0000000086c00000| Untracked 
| 109|0x0000000086d00000, 0x0000000086d00000, 0x0000000086e00000|  0%| F|  |TAMS 0x0000000086d00000, 0x0000000086d00000| Untracked 
| 110|0x0000000086e00000, 0x0000000086f00000, 0x0000000086f00000|100%|HS|  |TAMS 0x0000000086f00000, 0x0000000086f00000| Complete 
| 111|0x0000000086f00000, 0x0000000087000000, 0x0000000087000000|100%|HS|  |TAMS 0x0000000087000000, 0x0000000087000000| Complete 
| 112|0x0000000087000000, 0x0000000087100000, 0x0000000087100000|100%|HS|  |TAMS 0x0000000087100000, 0x0000000087100000| Complete 
| 113|0x0000000087100000, 0x0000000087200000, 0x0000000087200000|100%|HC|  |TAMS 0x0000000087200000, 0x0000000087200000| Complete 
| 114|0x0000000087200000, 0x0000000087300000, 0x0000000087300000|100%|HC|  |TAMS 0x0000000087300000, 0x0000000087300000| Complete 
| 115|0x0000000087300000, 0x0000000087300000, 0x0000000087400000|  0%| F|  |TAMS 0x0000000087300000, 0x0000000087300000| Untracked 
| 116|0x0000000087400000, 0x0000000087500000, 0x0000000087500000|100%| O|  |TAMS 0x0000000087500000, 0x0000000087500000| Untracked 
| 117|0x0000000087500000, 0x0000000087600000, 0x0000000087600000|100%| O|  |TAMS 0x0000000087600000, 0x0000000087600000| Untracked 
| 118|0x0000000087600000, 0x0000000087700000, 0x0000000087700000|100%| O|  |TAMS 0x0000000087700000, 0x0000000087700000| Untracked 
| 119|0x0000000087700000, 0x0000000087700000, 0x0000000087800000|  0%| F|  |TAMS 0x0000000087700000, 0x0000000087700000| Untracked 
| 120|0x0000000087800000, 0x0000000087900000, 0x0000000087900000|100%| O|  |TAMS 0x0000000087800000, 0x0000000087900000| Untracked 
| 121|0x0000000087900000, 0x0000000087a00000, 0x0000000087a00000|100%| O|  |TAMS 0x0000000087a00000, 0x0000000087a00000| Untracked 
| 122|0x0000000087a00000, 0x0000000087b00000, 0x0000000087b00000|100%| O|  |TAMS 0x0000000087b00000, 0x0000000087b00000| Untracked 
| 123|0x0000000087b00000, 0x0000000087b00000, 0x0000000087c00000|  0%| F|  |TAMS 0x0000000087b00000, 0x0000000087b00000| Untracked 
| 124|0x0000000087c00000, 0x0000000087d00000, 0x0000000087d00000|100%|HS|  |TAMS 0x0000000087d00000, 0x0000000087d00000| Complete 
| 125|0x0000000087d00000, 0x0000000087e00000, 0x0000000087e00000|100%|HS|  |TAMS 0x0000000087e00000, 0x0000000087e00000| Complete 
| 126|0x0000000087e00000, 0x0000000087f00000, 0x0000000087f00000|100%|HC|  |TAMS 0x0000000087f00000, 0x0000000087f00000| Complete 
| 127|0x0000000087f00000, 0x0000000088000000, 0x0000000088000000|100%|HC|  |TAMS 0x0000000088000000, 0x0000000088000000| Complete 
| 128|0x0000000088000000, 0x0000000088100000, 0x0000000088100000|100%| O|  |TAMS 0x0000000088000000, 0x0000000088100000| Untracked 
| 129|0x0000000088100000, 0x0000000088200000, 0x0000000088200000|100%| O|  |TAMS 0x0000000088100000, 0x0000000088200000| Untracked 
| 130|0x0000000088200000, 0x0000000088300000, 0x0000000088300000|100%| O|  |TAMS 0x0000000088300000, 0x0000000088300000| Untracked 
| 131|0x0000000088300000, 0x0000000088400000, 0x0000000088400000|100%| O|  |TAMS 0x0000000088400000, 0x0000000088400000| Untracked 
| 132|0x0000000088400000, 0x0000000088400000, 0x0000000088500000|  0%| F|  |TAMS 0x0000000088400000, 0x0000000088400000| Untracked 
| 133|0x0000000088500000, 0x00000000885e9600, 0x0000000088600000| 91%| O|  |TAMS 0x0000000088500000, 0x00000000885e9600| Untracked 
| 134|0x0000000088600000, 0x0000000088700000, 0x0000000088700000|100%| O|  |TAMS 0x0000000088700000, 0x0000000088700000| Untracked 
| 135|0x0000000088700000, 0x0000000088800000, 0x0000000088800000|100%| O|  |TAMS 0x0000000088800000, 0x0000000088800000| Untracked 
| 136|0x0000000088800000, 0x0000000088900000, 0x0000000088900000|100%| O|  |TAMS 0x0000000088900000, 0x0000000088900000| Untracked 
| 137|0x0000000088900000, 0x0000000088900000, 0x0000000088a00000|  0%| F|  |TAMS 0x0000000088900000, 0x0000000088900000| Untracked 
| 138|0x0000000088a00000, 0x0000000088a00000, 0x0000000088b00000|  0%| F|  |TAMS 0x0000000088a00000, 0x0000000088a00000| Untracked 
| 139|0x0000000088b00000, 0x0000000088b00000, 0x0000000088c00000|  0%| F|  |TAMS 0x0000000088b00000, 0x0000000088b00000| Untracked 
| 140|0x0000000088c00000, 0x0000000088c00000, 0x0000000088d00000|  0%| F|  |TAMS 0x0000000088c00000, 0x0000000088c00000| Untracked 
| 141|0x0000000088d00000, 0x0000000088e00000, 0x0000000088e00000|100%| O|  |TAMS 0x0000000088e00000, 0x0000000088e00000| Untracked 
| 142|0x0000000088e00000, 0x0000000088e00000, 0x0000000088f00000|  0%| F|  |TAMS 0x0000000088e00000, 0x0000000088e00000| Untracked 
| 143|0x0000000088f00000, 0x0000000088f00000, 0x0000000089000000|  0%| F|  |TAMS 0x0000000088f00000, 0x0000000088f00000| Untracked 
| 144|0x0000000089000000, 0x0000000089000000, 0x0000000089100000|  0%| F|  |TAMS 0x0000000089000000, 0x0000000089000000| Untracked 
| 145|0x0000000089100000, 0x0000000089100000, 0x0000000089200000|  0%| F|  |TAMS 0x0000000089100000, 0x0000000089100000| Untracked 
| 146|0x0000000089200000, 0x0000000089200000, 0x0000000089300000|  0%| F|  |TAMS 0x0000000089200000, 0x0000000089200000| Untracked 
| 147|0x0000000089300000, 0x0000000089300000, 0x0000000089400000|  0%| F|  |TAMS 0x0000000089300000, 0x0000000089300000| Untracked 
| 148|0x0000000089400000, 0x0000000089400000, 0x0000000089500000|  0%| F|  |TAMS 0x0000000089400000, 0x0000000089400000| Untracked 
| 149|0x0000000089500000, 0x0000000089500000, 0x0000000089600000|  0%| F|  |TAMS 0x0000000089500000, 0x0000000089500000| Untracked 
| 150|0x0000000089600000, 0x0000000089600000, 0x0000000089700000|  0%| F|  |TAMS 0x0000000089600000, 0x0000000089600000| Untracked 
| 151|0x0000000089700000, 0x0000000089700000, 0x0000000089800000|  0%| F|  |TAMS 0x0000000089700000, 0x0000000089700000| Untracked 
| 152|0x0000000089800000, 0x0000000089800000, 0x0000000089900000|  0%| F|  |TAMS 0x0000000089800000, 0x0000000089800000| Untracked 
| 153|0x0000000089900000, 0x0000000089900000, 0x0000000089a00000|  0%| F|  |TAMS 0x0000000089900000, 0x0000000089900000| Untracked 
| 154|0x0000000089a00000, 0x0000000089a00000, 0x0000000089b00000|  0%| F|  |TAMS 0x0000000089a00000, 0x0000000089a00000| Untracked 
| 155|0x0000000089b00000, 0x0000000089b00000, 0x0000000089c00000|  0%| F|  |TAMS 0x0000000089b00000, 0x0000000089b00000| Untracked 
| 156|0x0000000089c00000, 0x0000000089c00000, 0x0000000089d00000|  0%| F|  |TAMS 0x0000000089c00000, 0x0000000089c00000| Untracked 
| 157|0x0000000089d00000, 0x0000000089d00000, 0x0000000089e00000|  0%| F|  |TAMS 0x0000000089d00000, 0x0000000089d00000| Untracked 
| 158|0x0000000089e00000, 0x0000000089e00000, 0x0000000089f00000|  0%| F|  |TAMS 0x0000000089e00000, 0x0000000089e00000| Untracked 
| 159|0x0000000089f00000, 0x0000000089f00000, 0x000000008a000000|  0%| F|  |TAMS 0x0000000089f00000, 0x0000000089f00000| Untracked 
| 160|0x000000008a000000, 0x000000008a000000, 0x000000008a100000|  0%| F|  |TAMS 0x000000008a000000, 0x000000008a000000| Untracked 
| 161|0x000000008a100000, 0x000000008a100000, 0x000000008a200000|  0%| F|  |TAMS 0x000000008a100000, 0x000000008a100000| Untracked 
| 162|0x000000008a200000, 0x000000008a200000, 0x000000008a300000|  0%| F|  |TAMS 0x000000008a200000, 0x000000008a200000| Untracked 
| 163|0x000000008a300000, 0x000000008a300000, 0x000000008a400000|  0%| F|  |TAMS 0x000000008a300000, 0x000000008a300000| Untracked 
| 164|0x000000008a400000, 0x000000008a400000, 0x000000008a500000|  0%| F|  |TAMS 0x000000008a400000, 0x000000008a400000| Untracked 
| 165|0x000000008a500000, 0x000000008a500000, 0x000000008a600000|  0%| F|  |TAMS 0x000000008a500000, 0x000000008a500000| Untracked 
| 166|0x000000008a600000, 0x000000008a600000, 0x000000008a700000|  0%| F|  |TAMS 0x000000008a600000, 0x000000008a600000| Untracked 
| 167|0x000000008a700000, 0x000000008a800000, 0x000000008a800000|100%| O|  |TAMS 0x000000008a800000, 0x000000008a800000| Untracked 
| 168|0x000000008a800000, 0x000000008a900000, 0x000000008a900000|100%| O|  |TAMS 0x000000008a900000, 0x000000008a900000| Untracked 
| 169|0x000000008a900000, 0x000000008aa00000, 0x000000008aa00000|100%| O|  |TAMS 0x000000008aa00000, 0x000000008aa00000| Untracked 
| 170|0x000000008aa00000, 0x000000008ab00000, 0x000000008ab00000|100%| O|  |TAMS 0x000000008ab00000, 0x000000008ab00000| Untracked 
| 171|0x000000008ab00000, 0x000000008ac00000, 0x000000008ac00000|100%| O|  |TAMS 0x000000008ac00000, 0x000000008ac00000| Untracked 
| 172|0x000000008ac00000, 0x000000008ad00000, 0x000000008ad00000|100%| O|  |TAMS 0x000000008ad00000, 0x000000008ad00000| Untracked 
| 173|0x000000008ad00000, 0x000000008ae00000, 0x000000008ae00000|100%| O|  |TAMS 0x000000008ae00000, 0x000000008ae00000| Untracked 
| 174|0x000000008ae00000, 0x000000008af00000, 0x000000008af00000|100%| O|  |TAMS 0x000000008af00000, 0x000000008af00000| Untracked 
| 175|0x000000008af00000, 0x000000008b000000, 0x000000008b000000|100%| O|  |TAMS 0x000000008b000000, 0x000000008b000000| Untracked 
| 176|0x000000008b000000, 0x000000008b100000, 0x000000008b100000|100%| O|  |TAMS 0x000000008b100000, 0x000000008b100000| Untracked 
| 177|0x000000008b100000, 0x000000008b200000, 0x000000008b200000|100%| O|  |TAMS 0x000000008b200000, 0x000000008b200000| Untracked 
| 178|0x000000008b200000, 0x000000008b300000, 0x000000008b300000|100%| O|  |TAMS 0x000000008b300000, 0x000000008b300000| Untracked 
| 179|0x000000008b300000, 0x000000008b400000, 0x000000008b400000|100%| O|  |TAMS 0x000000008b400000, 0x000000008b400000| Untracked 
| 180|0x000000008b400000, 0x000000008b500000, 0x000000008b500000|100%| O|  |TAMS 0x000000008b500000, 0x000000008b500000| Untracked 
| 181|0x000000008b500000, 0x000000008b600000, 0x000000008b600000|100%| O|  |TAMS 0x000000008b600000, 0x000000008b600000| Untracked 
| 182|0x000000008b600000, 0x000000008b700000, 0x000000008b700000|100%| O|  |TAMS 0x000000008b700000, 0x000000008b700000| Untracked 
| 183|0x000000008b700000, 0x000000008b800000, 0x000000008b800000|100%| O|  |TAMS 0x000000008b800000, 0x000000008b800000| Untracked 
| 184|0x000000008b800000, 0x000000008b900000, 0x000000008b900000|100%| O|  |TAMS 0x000000008b900000, 0x000000008b900000| Untracked 
| 185|0x000000008b900000, 0x000000008ba00000, 0x000000008ba00000|100%| O|  |TAMS 0x000000008ba00000, 0x000000008ba00000| Untracked 
| 186|0x000000008ba00000, 0x000000008bb00000, 0x000000008bb00000|100%| O|  |TAMS 0x000000008bb00000, 0x000000008bb00000| Untracked 
| 187|0x000000008bb00000, 0x000000008bb00000, 0x000000008bc00000|  0%| F|  |TAMS 0x000000008bb00000, 0x000000008bb00000| Untracked 
| 188|0x000000008bc00000, 0x000000008bd00000, 0x000000008bd00000|100%| O|  |TAMS 0x000000008bd00000, 0x000000008bd00000| Untracked 
| 189|0x000000008bd00000, 0x000000008be00000, 0x000000008be00000|100%| O|  |TAMS 0x000000008be00000, 0x000000008be00000| Untracked 
| 190|0x000000008be00000, 0x000000008bf00000, 0x000000008bf00000|100%| O|  |TAMS 0x000000008bf00000, 0x000000008bf00000| Untracked 
| 191|0x000000008bf00000, 0x000000008c000000, 0x000000008c000000|100%| O|  |TAMS 0x000000008c000000, 0x000000008c000000| Untracked 
| 192|0x000000008c000000, 0x000000008c100000, 0x000000008c100000|100%| O|  |TAMS 0x000000008c100000, 0x000000008c100000| Untracked 
| 193|0x000000008c100000, 0x000000008c200000, 0x000000008c200000|100%| O|  |TAMS 0x000000008c200000, 0x000000008c200000| Untracked 
| 194|0x000000008c200000, 0x000000008c300000, 0x000000008c300000|100%| O|  |TAMS 0x000000008c300000, 0x000000008c300000| Untracked 
| 195|0x000000008c300000, 0x000000008c400000, 0x000000008c400000|100%| O|  |TAMS 0x000000008c400000, 0x000000008c400000| Untracked 
| 196|0x000000008c400000, 0x000000008c500000, 0x000000008c500000|100%| O|  |TAMS 0x000000008c500000, 0x000000008c500000| Untracked 
| 197|0x000000008c500000, 0x000000008c600000, 0x000000008c600000|100%| O|  |TAMS 0x000000008c600000, 0x000000008c600000| Untracked 
| 198|0x000000008c600000, 0x000000008c700000, 0x000000008c700000|100%| O|  |TAMS 0x000000008c700000, 0x000000008c700000| Untracked 
| 199|0x000000008c700000, 0x000000008c800000, 0x000000008c800000|100%| O|  |TAMS 0x000000008c800000, 0x000000008c800000| Untracked 
| 200|0x000000008c800000, 0x000000008c900000, 0x000000008c900000|100%| O|  |TAMS 0x000000008c900000, 0x000000008c900000| Untracked 
| 201|0x000000008c900000, 0x000000008ca00000, 0x000000008ca00000|100%| O|  |TAMS 0x000000008ca00000, 0x000000008ca00000| Untracked 
| 202|0x000000008ca00000, 0x000000008cb00000, 0x000000008cb00000|100%| O|  |TAMS 0x000000008cb00000, 0x000000008cb00000| Untracked 
| 203|0x000000008cb00000, 0x000000008cc00000, 0x000000008cc00000|100%| O|  |TAMS 0x000000008cc00000, 0x000000008cc00000| Untracked 
| 204|0x000000008cc00000, 0x000000008cd00000, 0x000000008cd00000|100%| O|  |TAMS 0x000000008cd00000, 0x000000008cd00000| Untracked 
| 205|0x000000008cd00000, 0x000000008ce00000, 0x000000008ce00000|100%| O|  |TAMS 0x000000008ce00000, 0x000000008ce00000| Untracked 
| 206|0x000000008ce00000, 0x000000008cf00000, 0x000000008cf00000|100%| O|  |TAMS 0x000000008cf00000, 0x000000008cf00000| Untracked 
| 207|0x000000008cf00000, 0x000000008d000000, 0x000000008d000000|100%| O|  |TAMS 0x000000008d000000, 0x000000008d000000| Untracked 
| 208|0x000000008d000000, 0x000000008d100000, 0x000000008d100000|100%| O|  |TAMS 0x000000008d100000, 0x000000008d100000| Untracked 
| 209|0x000000008d100000, 0x000000008d200000, 0x000000008d200000|100%| O|  |TAMS 0x000000008d200000, 0x000000008d200000| Untracked 
| 210|0x000000008d200000, 0x000000008d300000, 0x000000008d300000|100%| O|  |TAMS 0x000000008d300000, 0x000000008d300000| Untracked 
| 211|0x000000008d300000, 0x000000008d400000, 0x000000008d400000|100%| O|  |TAMS 0x000000008d400000, 0x000000008d400000| Untracked 
| 212|0x000000008d400000, 0x000000008d500000, 0x000000008d500000|100%| O|  |TAMS 0x000000008d500000, 0x000000008d500000| Untracked 
| 213|0x000000008d500000, 0x000000008d600000, 0x000000008d600000|100%| O|  |TAMS 0x000000008d600000, 0x000000008d600000| Untracked 
| 214|0x000000008d600000, 0x000000008d700000, 0x000000008d700000|100%| O|  |TAMS 0x000000008d624208, 0x000000008d700000| Untracked 
| 215|0x000000008d700000, 0x000000008d800000, 0x000000008d800000|100%| O|  |TAMS 0x000000008d700000, 0x000000008d800000| Untracked 
| 216|0x000000008d800000, 0x000000008d900000, 0x000000008d900000|100%| O|  |TAMS 0x000000008d800000, 0x000000008d900000| Untracked 
| 217|0x000000008d900000, 0x000000008da00000, 0x000000008da00000|100%| O|  |TAMS 0x000000008d900000, 0x000000008da00000| Untracked 
| 218|0x000000008da00000, 0x000000008db00000, 0x000000008db00000|100%| O|  |TAMS 0x000000008da00000, 0x000000008db00000| Untracked 
| 219|0x000000008db00000, 0x000000008dc00000, 0x000000008dc00000|100%| O|  |TAMS 0x000000008db00000, 0x000000008dc00000| Untracked 
| 220|0x000000008dc00000, 0x000000008dd00000, 0x000000008dd00000|100%| O|  |TAMS 0x000000008dc00000, 0x000000008dd00000| Untracked 
| 221|0x000000008dd00000, 0x000000008dd00000, 0x000000008de00000|  0%| F|  |TAMS 0x000000008dd00000, 0x000000008dd00000| Untracked 
| 222|0x000000008de00000, 0x000000008de00000, 0x000000008df00000|  0%| F|  |TAMS 0x000000008de00000, 0x000000008de00000| Untracked 
| 223|0x000000008df00000, 0x000000008df00000, 0x000000008e000000|  0%| F|  |TAMS 0x000000008df00000, 0x000000008df00000| Untracked 
| 224|0x000000008e000000, 0x000000008e000000, 0x000000008e100000|  0%| F|  |TAMS 0x000000008e000000, 0x000000008e000000| Untracked 
| 225|0x000000008e100000, 0x000000008e100000, 0x000000008e200000|  0%| F|  |TAMS 0x000000008e100000, 0x000000008e100000| Untracked 
| 226|0x000000008e200000, 0x000000008e200000, 0x000000008e300000|  0%| F|  |TAMS 0x000000008e200000, 0x000000008e200000| Untracked 
| 227|0x000000008e300000, 0x000000008e300000, 0x000000008e400000|  0%| F|  |TAMS 0x000000008e300000, 0x000000008e300000| Untracked 
| 228|0x000000008e400000, 0x000000008e400000, 0x000000008e500000|  0%| F|  |TAMS 0x000000008e400000, 0x000000008e400000| Untracked 
| 229|0x000000008e500000, 0x000000008e500000, 0x000000008e600000|  0%| F|  |TAMS 0x000000008e500000, 0x000000008e500000| Untracked 
| 230|0x000000008e600000, 0x000000008e600000, 0x000000008e700000|  0%| F|  |TAMS 0x000000008e600000, 0x000000008e600000| Untracked 
| 231|0x000000008e700000, 0x000000008e700000, 0x000000008e800000|  0%| F|  |TAMS 0x000000008e700000, 0x000000008e700000| Untracked 
| 232|0x000000008e800000, 0x000000008e800000, 0x000000008e900000|  0%| F|  |TAMS 0x000000008e800000, 0x000000008e800000| Untracked 
| 233|0x000000008e900000, 0x000000008e900000, 0x000000008ea00000|  0%| F|  |TAMS 0x000000008e900000, 0x000000008e900000| Untracked 
| 234|0x000000008ea00000, 0x000000008ea00000, 0x000000008eb00000|  0%| F|  |TAMS 0x000000008ea00000, 0x000000008ea00000| Untracked 
| 235|0x000000008eb00000, 0x000000008eb00000, 0x000000008ec00000|  0%| F|  |TAMS 0x000000008eb00000, 0x000000008eb00000| Untracked 
| 236|0x000000008ec00000, 0x000000008ec00000, 0x000000008ed00000|  0%| F|  |TAMS 0x000000008ec00000, 0x000000008ec00000| Untracked 
| 237|0x000000008ed00000, 0x000000008ed00000, 0x000000008ee00000|  0%| F|  |TAMS 0x000000008ed00000, 0x000000008ed00000| Untracked 
| 238|0x000000008ee00000, 0x000000008ee00000, 0x000000008ef00000|  0%| F|  |TAMS 0x000000008ee00000, 0x000000008ee00000| Untracked 
| 239|0x000000008ef00000, 0x000000008ef00000, 0x000000008f000000|  0%| F|  |TAMS 0x000000008ef00000, 0x000000008ef00000| Untracked 
| 240|0x000000008f000000, 0x000000008f000000, 0x000000008f100000|  0%| F|  |TAMS 0x000000008f000000, 0x000000008f000000| Untracked 
| 241|0x000000008f100000, 0x000000008f100000, 0x000000008f200000|  0%| F|  |TAMS 0x000000008f100000, 0x000000008f100000| Untracked 
| 242|0x000000008f200000, 0x000000008f200000, 0x000000008f300000|  0%| F|  |TAMS 0x000000008f200000, 0x000000008f200000| Untracked 
| 243|0x000000008f300000, 0x000000008f300000, 0x000000008f400000|  0%| F|  |TAMS 0x000000008f300000, 0x000000008f300000| Untracked 
| 244|0x000000008f400000, 0x000000008f400000, 0x000000008f500000|  0%| F|  |TAMS 0x000000008f400000, 0x000000008f400000| Untracked 
| 245|0x000000008f500000, 0x000000008f500000, 0x000000008f600000|  0%| F|  |TAMS 0x000000008f500000, 0x000000008f500000| Untracked 
| 246|0x000000008f600000, 0x000000008f600000, 0x000000008f700000|  0%| F|  |TAMS 0x000000008f600000, 0x000000008f600000| Untracked 
| 247|0x000000008f700000, 0x000000008f700000, 0x000000008f800000|  0%| F|  |TAMS 0x000000008f700000, 0x000000008f700000| Untracked 
| 248|0x000000008f800000, 0x000000008f800000, 0x000000008f900000|  0%| F|  |TAMS 0x000000008f800000, 0x000000008f800000| Untracked 
| 249|0x000000008f900000, 0x000000008f900000, 0x000000008fa00000|  0%| F|  |TAMS 0x000000008f900000, 0x000000008f900000| Untracked 
| 250|0x000000008fa00000, 0x000000008fa00000, 0x000000008fb00000|  0%| F|  |TAMS 0x000000008fa00000, 0x000000008fa00000| Untracked 
| 251|0x000000008fb00000, 0x000000008fb00000, 0x000000008fc00000|  0%| F|  |TAMS 0x000000008fb00000, 0x000000008fb00000| Untracked 
| 252|0x000000008fc00000, 0x000000008fc00000, 0x000000008fd00000|  0%| F|  |TAMS 0x000000008fc00000, 0x000000008fc00000| Untracked 
| 253|0x000000008fd00000, 0x000000008fd00000, 0x000000008fe00000|  0%| F|  |TAMS 0x000000008fd00000, 0x000000008fd00000| Untracked 
| 254|0x000000008fe00000, 0x000000008fe00000, 0x000000008ff00000|  0%| F|  |TAMS 0x000000008fe00000, 0x000000008fe00000| Untracked 
| 255|0x000000008ff00000, 0x000000008ff00000, 0x0000000090000000|  0%| F|  |TAMS 0x000000008ff00000, 0x000000008ff00000| Untracked 
| 256|0x0000000090000000, 0x0000000090000000, 0x0000000090100000|  0%| F|  |TAMS 0x0000000090000000, 0x0000000090000000| Untracked 
| 257|0x0000000090100000, 0x0000000090100000, 0x0000000090200000|  0%| F|  |TAMS 0x0000000090100000, 0x0000000090100000| Untracked 
| 258|0x0000000090200000, 0x0000000090200000, 0x0000000090300000|  0%| F|  |TAMS 0x0000000090200000, 0x0000000090200000| Untracked 
| 259|0x0000000090300000, 0x0000000090300000, 0x0000000090400000|  0%| F|  |TAMS 0x0000000090300000, 0x0000000090300000| Untracked 
| 260|0x0000000090400000, 0x0000000090400000, 0x0000000090500000|  0%| F|  |TAMS 0x0000000090400000, 0x0000000090400000| Untracked 
| 261|0x0000000090500000, 0x0000000090500000, 0x0000000090600000|  0%| F|  |TAMS 0x0000000090500000, 0x0000000090500000| Untracked 
| 262|0x0000000090600000, 0x0000000090600000, 0x0000000090700000|  0%| F|  |TAMS 0x0000000090600000, 0x0000000090600000| Untracked 
| 263|0x0000000090700000, 0x0000000090700000, 0x0000000090800000|  0%| F|  |TAMS 0x0000000090700000, 0x0000000090700000| Untracked 
| 264|0x0000000090800000, 0x0000000090800000, 0x0000000090900000|  0%| F|  |TAMS 0x0000000090800000, 0x0000000090800000| Untracked 
| 265|0x0000000090900000, 0x0000000090900000, 0x0000000090a00000|  0%| F|  |TAMS 0x0000000090900000, 0x0000000090900000| Untracked 
| 266|0x0000000090a00000, 0x0000000090a00000, 0x0000000090b00000|  0%| F|  |TAMS 0x0000000090a00000, 0x0000000090a00000| Untracked 
| 267|0x0000000090b00000, 0x0000000090b00000, 0x0000000090c00000|  0%| F|  |TAMS 0x0000000090b00000, 0x0000000090b00000| Untracked 
| 268|0x0000000090c00000, 0x0000000090c00000, 0x0000000090d00000|  0%| F|  |TAMS 0x0000000090c00000, 0x0000000090c00000| Untracked 
| 269|0x0000000090d00000, 0x0000000090d00000, 0x0000000090e00000|  0%| F|  |TAMS 0x0000000090d00000, 0x0000000090d00000| Untracked 
| 270|0x0000000090e00000, 0x0000000090e00000, 0x0000000090f00000|  0%| F|  |TAMS 0x0000000090e00000, 0x0000000090e00000| Untracked 
| 271|0x0000000090f00000, 0x0000000090f00000, 0x0000000091000000|  0%| F|  |TAMS 0x0000000090f00000, 0x0000000090f00000| Untracked 
| 272|0x0000000091000000, 0x0000000091000000, 0x0000000091100000|  0%| F|  |TAMS 0x0000000091000000, 0x0000000091000000| Untracked 
| 273|0x0000000091100000, 0x0000000091100000, 0x0000000091200000|  0%| F|  |TAMS 0x0000000091100000, 0x0000000091100000| Untracked 
| 274|0x0000000091200000, 0x0000000091200000, 0x0000000091300000|  0%| F|  |TAMS 0x0000000091200000, 0x0000000091200000| Untracked 
| 275|0x0000000091300000, 0x0000000091300000, 0x0000000091400000|  0%| F|  |TAMS 0x0000000091300000, 0x0000000091300000| Untracked 
| 276|0x0000000091400000, 0x0000000091400000, 0x0000000091500000|  0%| F|  |TAMS 0x0000000091400000, 0x0000000091400000| Untracked 
| 277|0x0000000091500000, 0x0000000091500000, 0x0000000091600000|  0%| F|  |TAMS 0x0000000091500000, 0x0000000091500000| Untracked 
| 278|0x0000000091600000, 0x0000000091600000, 0x0000000091700000|  0%| F|  |TAMS 0x0000000091600000, 0x0000000091600000| Untracked 
| 279|0x0000000091700000, 0x0000000091700000, 0x0000000091800000|  0%| F|  |TAMS 0x0000000091700000, 0x0000000091700000| Untracked 
| 280|0x0000000091800000, 0x0000000091800000, 0x0000000091900000|  0%| F|  |TAMS 0x0000000091800000, 0x0000000091800000| Untracked 
| 281|0x0000000091900000, 0x0000000091900000, 0x0000000091a00000|  0%| F|  |TAMS 0x0000000091900000, 0x0000000091900000| Untracked 
| 282|0x0000000091a00000, 0x0000000091a00000, 0x0000000091b00000|  0%| F|  |TAMS 0x0000000091a00000, 0x0000000091a00000| Untracked 
| 283|0x0000000091b00000, 0x0000000091b00000, 0x0000000091c00000|  0%| F|  |TAMS 0x0000000091b00000, 0x0000000091b00000| Untracked 
| 284|0x0000000091c00000, 0x0000000091c00000, 0x0000000091d00000|  0%| F|  |TAMS 0x0000000091c00000, 0x0000000091c00000| Untracked 
| 285|0x0000000091d00000, 0x0000000091d00000, 0x0000000091e00000|  0%| F|  |TAMS 0x0000000091d00000, 0x0000000091d00000| Untracked 
| 286|0x0000000091e00000, 0x0000000091e00000, 0x0000000091f00000|  0%| F|  |TAMS 0x0000000091e00000, 0x0000000091e00000| Untracked 
| 287|0x0000000091f00000, 0x0000000091f00000, 0x0000000092000000|  0%| F|  |TAMS 0x0000000091f00000, 0x0000000091f00000| Untracked 
| 288|0x0000000092000000, 0x0000000092000000, 0x0000000092100000|  0%| F|  |TAMS 0x0000000092000000, 0x0000000092000000| Untracked 
| 289|0x0000000092100000, 0x0000000092100000, 0x0000000092200000|  0%| F|  |TAMS 0x0000000092100000, 0x0000000092100000| Untracked 
| 290|0x0000000092200000, 0x0000000092200000, 0x0000000092300000|  0%| F|  |TAMS 0x0000000092200000, 0x0000000092200000| Untracked 
| 291|0x0000000092300000, 0x0000000092300000, 0x0000000092400000|  0%| F|  |TAMS 0x0000000092300000, 0x0000000092300000| Untracked 
| 292|0x0000000092400000, 0x0000000092400000, 0x0000000092500000|  0%| F|  |TAMS 0x0000000092400000, 0x0000000092400000| Untracked 
| 293|0x0000000092500000, 0x0000000092500000, 0x0000000092600000|  0%| F|  |TAMS 0x0000000092500000, 0x0000000092500000| Untracked 
| 294|0x0000000092600000, 0x0000000092600000, 0x0000000092700000|  0%| F|  |TAMS 0x0000000092600000, 0x0000000092600000| Untracked 
| 295|0x0000000092700000, 0x0000000092700000, 0x0000000092800000|  0%| F|  |TAMS 0x0000000092700000, 0x0000000092700000| Untracked 
| 296|0x0000000092800000, 0x0000000092800000, 0x0000000092900000|  0%| F|  |TAMS 0x0000000092800000, 0x0000000092800000| Untracked 
| 297|0x0000000092900000, 0x0000000092900000, 0x0000000092a00000|  0%| F|  |TAMS 0x0000000092900000, 0x0000000092900000| Untracked 
| 298|0x0000000092a00000, 0x0000000092a00000, 0x0000000092b00000|  0%| F|  |TAMS 0x0000000092a00000, 0x0000000092a00000| Untracked 
| 299|0x0000000092b00000, 0x0000000092b00000, 0x0000000092c00000|  0%| F|  |TAMS 0x0000000092b00000, 0x0000000092b00000| Untracked 
| 300|0x0000000092c00000, 0x0000000092c00000, 0x0000000092d00000|  0%| F|  |TAMS 0x0000000092c00000, 0x0000000092c00000| Untracked 
| 301|0x0000000092d00000, 0x0000000092d00000, 0x0000000092e00000|  0%| F|  |TAMS 0x0000000092d00000, 0x0000000092d00000| Untracked 
| 302|0x0000000092e00000, 0x0000000092e00000, 0x0000000092f00000|  0%| F|  |TAMS 0x0000000092e00000, 0x0000000092e00000| Untracked 
| 303|0x0000000092f00000, 0x0000000092f00000, 0x0000000093000000|  0%| F|  |TAMS 0x0000000092f00000, 0x0000000092f00000| Untracked 
| 304|0x0000000093000000, 0x0000000093000000, 0x0000000093100000|  0%| F|  |TAMS 0x0000000093000000, 0x0000000093000000| Untracked 
| 305|0x0000000093100000, 0x0000000093100000, 0x0000000093200000|  0%| F|  |TAMS 0x0000000093100000, 0x0000000093100000| Untracked 
| 306|0x0000000093200000, 0x0000000093200000, 0x0000000093300000|  0%| F|  |TAMS 0x0000000093200000, 0x0000000093200000| Untracked 
| 307|0x0000000093300000, 0x0000000093300000, 0x0000000093400000|  0%| F|  |TAMS 0x0000000093300000, 0x0000000093300000| Untracked 
| 308|0x0000000093400000, 0x0000000093400000, 0x0000000093500000|  0%| F|  |TAMS 0x0000000093400000, 0x0000000093400000| Untracked 
| 309|0x0000000093500000, 0x0000000093500000, 0x0000000093600000|  0%| F|  |TAMS 0x0000000093500000, 0x0000000093500000| Untracked 
| 310|0x0000000093600000, 0x0000000093600000, 0x0000000093700000|  0%| F|  |TAMS 0x0000000093600000, 0x0000000093600000| Untracked 
| 311|0x0000000093700000, 0x0000000093700000, 0x0000000093800000|  0%| F|  |TAMS 0x0000000093700000, 0x0000000093700000| Untracked 
| 312|0x0000000093800000, 0x0000000093800000, 0x0000000093900000|  0%| F|  |TAMS 0x0000000093800000, 0x0000000093800000| Untracked 
| 313|0x0000000093900000, 0x0000000093900000, 0x0000000093a00000|  0%| F|  |TAMS 0x0000000093900000, 0x0000000093900000| Untracked 
| 314|0x0000000093a00000, 0x0000000093a00000, 0x0000000093b00000|  0%| F|  |TAMS 0x0000000093a00000, 0x0000000093a00000| Untracked 
| 315|0x0000000093b00000, 0x0000000093bc2cf0, 0x0000000093c00000| 76%| S|CS|TAMS 0x0000000093b00000, 0x0000000093b00000| Complete 
| 316|0x0000000093c00000, 0x0000000093c00000, 0x0000000093d00000|  0%| F|  |TAMS 0x0000000093c00000, 0x0000000093c00000| Untracked 
| 317|0x0000000093d00000, 0x0000000093d00000, 0x0000000093e00000|  0%| F|  |TAMS 0x0000000093d00000, 0x0000000093d00000| Untracked 
| 318|0x0000000093e00000, 0x0000000093e00000, 0x0000000093f00000|  0%| F|  |TAMS 0x0000000093e00000, 0x0000000093e00000| Untracked 
| 319|0x0000000093f00000, 0x0000000093f00000, 0x0000000094000000|  0%| F|  |TAMS 0x0000000093f00000, 0x0000000093f00000| Untracked 
| 320|0x0000000094000000, 0x0000000094000000, 0x0000000094100000|  0%| F|  |TAMS 0x0000000094000000, 0x0000000094000000| Untracked 
| 321|0x0000000094100000, 0x0000000094100000, 0x0000000094200000|  0%| F|  |TAMS 0x0000000094100000, 0x0000000094100000| Untracked 
| 322|0x0000000094200000, 0x0000000094200000, 0x0000000094300000|  0%| F|  |TAMS 0x0000000094200000, 0x0000000094200000| Untracked 
| 323|0x0000000094300000, 0x0000000094300000, 0x0000000094400000|  0%| F|  |TAMS 0x0000000094300000, 0x0000000094300000| Untracked 
| 324|0x0000000094400000, 0x0000000094400000, 0x0000000094500000|  0%| F|  |TAMS 0x0000000094400000, 0x0000000094400000| Untracked 
| 325|0x0000000094500000, 0x0000000094500000, 0x0000000094600000|  0%| F|  |TAMS 0x0000000094500000, 0x0000000094500000| Untracked 
| 326|0x0000000094600000, 0x0000000094600000, 0x0000000094700000|  0%| F|  |TAMS 0x0000000094600000, 0x0000000094600000| Untracked 
| 327|0x0000000094700000, 0x0000000094700000, 0x0000000094800000|  0%| F|  |TAMS 0x0000000094700000, 0x0000000094700000| Untracked 
| 328|0x0000000094800000, 0x0000000094800000, 0x0000000094900000|  0%| F|  |TAMS 0x0000000094800000, 0x0000000094800000| Untracked 
| 329|0x0000000094900000, 0x0000000094900000, 0x0000000094a00000|  0%| F|  |TAMS 0x0000000094900000, 0x0000000094900000| Untracked 
| 330|0x0000000094a00000, 0x0000000094a00000, 0x0000000094b00000|  0%| F|  |TAMS 0x0000000094a00000, 0x0000000094a00000| Untracked 
| 331|0x0000000094b00000, 0x0000000094b00000, 0x0000000094c00000|  0%| F|  |TAMS 0x0000000094b00000, 0x0000000094b00000| Untracked 
| 332|0x0000000094c00000, 0x0000000094c00000, 0x0000000094d00000|  0%| F|  |TAMS 0x0000000094c00000, 0x0000000094c00000| Untracked 
| 333|0x0000000094d00000, 0x0000000094d00000, 0x0000000094e00000|  0%| F|  |TAMS 0x0000000094d00000, 0x0000000094d00000| Untracked 
| 334|0x0000000094e00000, 0x0000000094e00000, 0x0000000094f00000|  0%| F|  |TAMS 0x0000000094e00000, 0x0000000094e00000| Untracked 
| 335|0x0000000094f00000, 0x0000000094ff8c10, 0x0000000095000000| 97%| E|  |TAMS 0x0000000094f00000, 0x0000000094f00000| Complete 
| 336|0x0000000095000000, 0x0000000095100000, 0x0000000095100000|100%| E|CS|TAMS 0x0000000095000000, 0x0000000095000000| Complete 
| 337|0x0000000095100000, 0x0000000095200000, 0x0000000095200000|100%| E|CS|TAMS 0x0000000095100000, 0x0000000095100000| Complete 

Card table byte_map: [0x00000243d51d0000,0x00000243d55d0000] _byte_map_base: 0x00000243d4dd0000

Marking Bits (Prev, Next): (CMBitMap*) 0x00000243bc4e16a8, (CMBitMap*) 0x00000243bc4e16e0
 Prev Bits: [0x00000243d59d0000, 0x00000243d79d0000)
 Next Bits: [0x00000243d79d0000, 0x00000243d99d0000)

Polling page: 0x00000243bc580000

Metaspace:

Usage:
  Non-class:    108.27 MB capacity,   105.40 MB ( 97%) used,     2.48 MB (  2%) free+waste,   398.25 KB ( <1%) overhead. 
      Class:     17.56 MB capacity,    15.87 MB ( 90%) used,     1.50 MB (  9%) free+waste,   183.50 KB (  1%) overhead. 
       Both:    125.82 MB capacity,   121.27 MB ( 96%) used,     3.98 MB (  3%) free+waste,   581.75 KB ( <1%) overhead. 

Virtual space:
  Non-class space:      110.00 MB reserved,     108.49 MB ( 99%) committed 
      Class space:      504.00 MB reserved,      17.62 MB (  3%) committed 
             Both:      614.00 MB reserved,     126.12 MB ( 21%) committed 

Chunk freelists:
   Non-Class:  384 bytes
       Class:  0 bytes
        Both:  384 bytes

CodeHeap 'non-profiled nmethods': size=120000Kb used=10784Kb max_used=11296Kb free=109215Kb
 bounds [0x00000243cce20000, 0x00000243cd930000, 0x00000243d4350000]
CodeHeap 'profiled nmethods': size=120000Kb used=36984Kb max_used=38991Kb free=83015Kb
 bounds [0x00000243c58f0000, 0x00000243c7f10000, 0x00000243cce20000]
CodeHeap 'non-nmethods': size=5760Kb used=2345Kb max_used=2408Kb free=3414Kb
 bounds [0x00000243c5350000, 0x00000243c55c0000, 0x00000243c58f0000]
 total_blobs=17560 nmethods=16589 adapters=881
 compilation: enabled
              stopped_count=0, restarted_count=0
 full_count=0

Compilation events (10 events):
Event: 3936.780 Thread 0x00000243dce07800 nmethod 18366 0x00000243c5a46310 code [0x00000243c5a464e0, 0x00000243c5a46818]
Event: 3936.780 Thread 0x00000243dce07800 18369   !   3       org.gradle.kotlin.dsl.provider.KotlinScriptClassPathProviderKt::toURI (67 bytes)
Event: 3936.781 Thread 0x00000243dce07800 nmethod 18369 0x00000243c5a6e590 code [0x00000243c5a6e7c0, 0x00000243c5a6ecc8]
Event: 3936.781 Thread 0x00000243dce07800 18367       3       org.gradle.kotlin.dsl.provider.KotlinScriptClassPathProviderKt::isKotlinJar (30 bytes)
Event: 3936.781 Thread 0x00000243dce07800 nmethod 18367 0x00000243c5a09390 code [0x00000243c5a09560, 0x00000243c5a09838]
Event: 3936.781 Thread 0x00000243dce07800 18368       3       org.gradle.kotlin.dsl.support.ProjectExtensionsKt::isGradleKotlinDslJarName (16 bytes)
Event: 3936.783 Thread 0x00000243dce07800 nmethod 18368 0x00000243c5a6d910 code [0x00000243c5a6db40, 0x00000243c5a6e168]
Event: 3936.800 Thread 0x00000243dc49b800 nmethod 18370 0x00000243ccfbb510 code [0x00000243ccfbb6a0, 0x00000243ccfbba38]
Event: 3936.824 Thread 0x00000243dce07800 18371       3       com.esotericsoftware.kryo.io.Output::writeVarLong (1304 bytes)
Event: 3936.826 Thread 0x00000243dce07800 nmethod 18371 0x00000243c5b6b410 code [0x00000243c5b6b6c0, 0x00000243c5b6c888]

GC Heap History (10 events):
Event: 770.923 GC heap before
{Heap before GC invocations=134 (full 0):
 garbage-first heap   total 346112K, used 228707K [0x0000000080000000, 0x0000000100000000)
  region size 1024K, 16 young (16384K), 7 survivors (7168K)
 Metaspace       used 123927K, capacity 128600K, committed 128888K, reserved 628736K
  class space    used 16250K, capacity 17969K, committed 18048K, reserved 516096K
}
Event: 771.530 GC heap after
{Heap after GC invocations=135 (full 0):
 garbage-first heap   total 346112K, used 220057K [0x0000000080000000, 0x0000000100000000)
  region size 1024K, 1 young (1024K), 1 survivors (1024K)
 Metaspace       used 123927K, capacity 128600K, committed 128888K, reserved 628736K
  class space    used 16250K, capacity 17969K, committed 18048K, reserved 516096K
}
Event: 1630.746 GC heap before
{Heap before GC invocations=136 (full 0):
 garbage-first heap   total 346112K, used 235417K [0x0000000080000000, 0x0000000100000000)
  region size 1024K, 16 young (16384K), 1 survivors (1024K)
 Metaspace       used 124029K, capacity 128729K, committed 128888K, reserved 628736K
  class space    used 16250K, capacity 17969K, committed 18048K, reserved 516096K
}
Event: 1630.849 GC heap after
{Heap after GC invocations=137 (full 0):
 garbage-first heap   total 346112K, used 219514K [0x0000000080000000, 0x0000000100000000)
  region size 1024K, 1 young (1024K), 1 survivors (1024K)
 Metaspace       used 124029K, capacity 128729K, committed 128888K, reserved 628736K
  class space    used 16250K, capacity 17969K, committed 18048K, reserved 516096K
}
Event: 2494.925 GC heap before
{Heap before GC invocations=137 (full 0):
 garbage-first heap   total 346112K, used 233850K [0x0000000080000000, 0x0000000100000000)
  region size 1024K, 16 young (16384K), 1 survivors (1024K)
 Metaspace       used 124042K, capacity 128729K, committed 128888K, reserved 628736K
  class space    used 16250K, capacity 17969K, committed 18048K, reserved 516096K
}
Event: 2495.087 GC heap after
{Heap after GC invocations=138 (full 0):
 garbage-first heap   total 346112K, used 191395K [0x0000000080000000, 0x0000000100000000)
  region size 1024K, 1 young (1024K), 1 survivors (1024K)
 Metaspace       used 124042K, capacity 128729K, committed 128888K, reserved 628736K
  class space    used 16250K, capacity 17969K, committed 18048K, reserved 516096K
}
Event: 3355.736 GC heap before
{Heap before GC invocations=138 (full 0):
 garbage-first heap   total 346112K, used 205731K [0x0000000080000000, 0x0000000100000000)
  region size 1024K, 16 young (16384K), 1 survivors (1024K)
 Metaspace       used 124059K, capacity 128729K, committed 128888K, reserved 628736K
  class space    used 16250K, capacity 17969K, committed 18048K, reserved 516096K
}
Event: 3356.514 GC heap after
{Heap after GC invocations=139 (full 0):
 garbage-first heap   total 346112K, used 180154K [0x0000000080000000, 0x0000000100000000)
  region size 1024K, 1 young (1024K), 1 survivors (1024K)
 Metaspace       used 124059K, capacity 128729K, committed 128888K, reserved 628736K
  class space    used 16250K, capacity 17969K, committed 18048K, reserved 516096K
}
Event: 3936.691 GC heap before
{Heap before GC invocations=139 (full 0):
 garbage-first heap   total 346112K, used 201658K [0x0000000080000000, 0x0000000100000000)
  region size 1024K, 22 young (22528K), 1 survivors (1024K)
 Metaspace       used 124173K, capacity 128831K, committed 129144K, reserved 628736K
  class space    used 16254K, capacity 17976K, committed 18048K, reserved 516096K
}
Event: 3936.727 GC heap after
{Heap after GC invocations=140 (full 0):
 garbage-first heap   total 346112K, used 180912K [0x0000000080000000, 0x0000000100000000)
  region size 1024K, 1 young (1024K), 1 survivors (1024K)
 Metaspace       used 124173K, capacity 128831K, committed 129144K, reserved 628736K
  class space    used 16254K, capacity 17976K, committed 18048K, reserved 516096K
}

Deoptimization events (10 events):
Event: 3925.821 Thread 0x00000243e2c12000 Uncommon trap: reason=class_check action=make_not_entrant pc=0x00000243cd0947dc method=com.google.common.collect.Platform.copy([Ljava/lang/Object;II[Ljava/lang/Object;)[Ljava/lang/Object; @ 7 c2
Event: 3935.770 Thread 0x00000243e2c12000 Uncommon trap: reason=bimorphic_or_optimized_type_check action=maybe_recompile pc=0x00000243cd49fd00 method=org.gradle.internal.operations.DefaultBuildOperationListenerManager$ProgressShieldingBuildOperationListener.finished(Lorg/gradle/internal/operation
Event: 3936.003 Thread 0x00000243e2c12000 Uncommon trap: reason=bimorphic_or_optimized_type_check action=maybe_recompile pc=0x00000243cd49fd00 method=org.gradle.internal.operations.DefaultBuildOperationListenerManager$ProgressShieldingBuildOperationListener.finished(Lorg/gradle/internal/operation
Event: 3936.032 Thread 0x00000243e2c12000 Uncommon trap: reason=unstable_if action=reinterpret pc=0x00000243cd198b28 method=jdk.internal.misc.Unsafe.convEndian(ZJ)J @ 4 c2
Event: 3936.033 Thread 0x00000243e2c12000 Uncommon trap: reason=bimorphic_or_optimized_type_check action=maybe_recompile pc=0x00000243cd49fd00 method=org.gradle.internal.operations.DefaultBuildOperationListenerManager$ProgressShieldingBuildOperationListener.finished(Lorg/gradle/internal/operation
Event: 3936.035 Thread 0x00000243e2c12000 Uncommon trap: reason=class_check action=maybe_recompile pc=0x00000243cce3b808 method=com.google.common.cache.LocalCache$Segment.setValue(Lcom/google/common/cache/ReferenceEntry;Ljava/lang/Object;Ljava/lang/Object;J)V @ 51 c2
Event: 3936.036 Thread 0x00000243e2c12000 Uncommon trap: reason=class_check action=maybe_recompile pc=0x00000243cce3b808 method=com.google.common.cache.LocalCache$Segment.setValue(Lcom/google/common/cache/ReferenceEntry;Ljava/lang/Object;Ljava/lang/Object;J)V @ 51 c2
Event: 3936.036 Thread 0x00000243e2c12000 Uncommon trap: reason=class_check action=maybe_recompile pc=0x00000243cce3b808 method=com.google.common.cache.LocalCache$Segment.setValue(Lcom/google/common/cache/ReferenceEntry;Ljava/lang/Object;Ljava/lang/Object;J)V @ 51 c2
Event: 3936.058 Thread 0x00000243e2c12000 Uncommon trap: reason=unstable_if action=reinterpret pc=0x00000243cd650194 method=com.google.common.collect.Lists.equalsImpl(Ljava/util/List;Ljava/lang/Object;)Z @ 85 c2
Event: 3936.780 Thread 0x00000243e2c12000 Uncommon trap: reason=class_check action=maybe_recompile pc=0x00000243cce3b808 method=com.google.common.cache.LocalCache$Segment.setValue(Lcom/google/common/cache/ReferenceEntry;Ljava/lang/Object;Ljava/lang/Object;J)V @ 51 c2

Classes redefined (0 events):
No events

Internal exceptions (10 events):
Event: 90.709 Thread 0x00000243e2c19000 Exception <a 'java/lang/NoSuchMethodError'{0x000000008e642758}: static Lcom/android/build/api/artifact/ArtifactKind;.<clinit>()V> (0x000000008e642758) thrown at [./open/src/hotspot/share/prims/jni.cpp, line 1366]
Event: 90.710 Thread 0x00000243e2c19000 Exception <a 'java/lang/NoSuchMethodError'{0x000000008e644360}: static Lcom/android/build/api/artifact/ArtifactKind;.<clinit>()V> (0x000000008e644360) thrown at [./open/src/hotspot/share/prims/jni.cpp, line 1366]
Event: 94.351 Thread 0x00000243e25d6800 Implicit null exception at 0x00000243cceb8120 to 0x00000243cceb9b3c
Event: 94.363 Thread 0x00000243e25d5800 Implicit null exception at 0x00000243ccf127b0 to 0x00000243ccf141f8
Event: 95.066 Thread 0x00000243e25d5800 Exception <a 'java/lang/NoSuchMethodError'{0x0000000093ab0b30}: java.lang.invoke.DirectMethodHandle$Holder.invokeInterface(Ljava/lang/Object;Ljava/lang/Object;Ljava/lang/Object;Ljava/lang/Object;)Ljava/lang/Object;> (0x0000000093ab0b30) thrown at [./open/
Event: 104.119 Thread 0x00000243e25d5800 Exception <a 'java/lang/NoSuchMethodError'{0x0000000092e85d88}: java.lang.invoke.DirectMethodHandle$Holder.newInvokeSpecial(Ljava/lang/Object;Ljava/lang/Object;Ljava/lang/Object;Ljava/lang/Object;)Ljava/lang/Object;> (0x0000000092e85d88) thrown at [./open
Event: 104.348 Thread 0x00000243df2cc000 Implicit null exception at 0x00000243cd525fe1 to 0x00000243cd526f50
Event: 104.374 Thread 0x00000243df2cc000 Implicit null exception at 0x00000243cd5a86db to 0x00000243cd5ac388
Event: 104.375 Thread 0x00000243df2cc000 Implicit null exception at 0x00000243cd49e50f to 0x00000243cd49e55c
Event: 3925.352 Thread 0x00000243e2c12000 Implicit null exception at 0x00000243cd8f1ce1 to 0x00000243cd8f7d48

Events (10 events):
Event: 3936.486 Executing VM operation: RevokeBias done
Event: 3936.691 Executing VM operation: G1CollectForAllocation
Event: 3936.727 Executing VM operation: G1CollectForAllocation done
Event: 3936.780 Thread 0x00000243e2c12000 Uncommon trap: trap_request=0xffffffde fr.pc=0x00000243cce3b808 relative=0x00000000000007e8
Event: 3936.780 Thread 0x00000243e2c12000 DEOPT PACKING pc=0x00000243cce3b808 sp=0x000000fcad7fa040
Event: 3936.780 Thread 0x00000243e2c12000 DEOPT UNPACKING pc=0x00000243c537662f sp=0x000000fcad7f9fd8 mode 2
Event: 3936.781 Executing VM operation: BulkRevokeBias
Event: 3936.783 Executing VM operation: BulkRevokeBias done
Event: 3936.786 Thread 0x00000243e2c19000 Thread added: 0x00000243e2c19000
Event: 3936.890 Executing VM operation: CGC_Operation


Dynamic libraries:
0x00007ff6a8030000 - 0x00007ff6a8040000 	C:\Program Files\Java\jdk-11\bin\java.exe
0x00007fff3bd70000 - 0x00007fff3bf68000 	C:\Windows\SYSTEM32\ntdll.dll
0x00007fff39e20000 - 0x00007fff39edf000 	C:\Windows\System32\KERNEL32.DLL
0x00007fff39aa0000 - 0x00007fff39d96000 	C:\Windows\System32\KERNELBASE.dll
0x00007fff39450000 - 0x00007fff39550000 	C:\Windows\System32\ucrtbase.dll
0x00007fff15830000 - 0x00007fff1584b000 	C:\Program Files\Java\jdk-11\bin\VCRUNTIME140.dll
0x00007fff15310000 - 0x00007fff15328000 	C:\Program Files\Java\jdk-11\bin\jli.dll
0x00007fff39ee0000 - 0x00007fff39f8f000 	C:\Windows\System32\ADVAPI32.dll
0x00007fff3bc20000 - 0x00007fff3bcbe000 	C:\Windows\System32\msvcrt.dll
0x00007fff3aa40000 - 0x00007fff3aadc000 	C:\Windows\System32\sechost.dll
0x00007fff3a120000 - 0x00007fff3a246000 	C:\Windows\System32\RPCRT4.dll
0x00007fff28810000 - 0x00007fff28aaa000 	C:\Windows\WinSxS\amd64_microsoft.windows.common-controls_6595b64144ccf1df_6.0.19041.1110_none_60b5254171f9507e\COMCTL32.dll
0x00007fff3ae50000 - 0x00007fff3afed000 	C:\Windows\System32\USER32.dll
0x00007fff39df0000 - 0x00007fff39e1c000 	C:\Windows\System32\GDI32.dll
0x00007fff39da0000 - 0x00007fff39dc2000 	C:\Windows\System32\win32u.dll
0x00007fff39770000 - 0x00007fff39885000 	C:\Windows\System32\gdi32full.dll
0x00007fff39a00000 - 0x00007fff39a9d000 	C:\Windows\System32\msvcp_win.dll
0x00007fff2ffd0000 - 0x00007fff2ffda000 	C:\Windows\SYSTEM32\VERSION.dll
0x00007fff3a250000 - 0x00007fff3a280000 	C:\Windows\System32\IMM32.DLL
0x00007fff15980000 - 0x00007fff1598c000 	C:\Program Files\Java\jdk-11\bin\vcruntime140_1.dll
0x00007ffee8930000 - 0x00007ffee89be000 	C:\Program Files\Java\jdk-11\bin\msvcp140.dll
0x00007ffec5b00000 - 0x00007ffec6668000 	C:\Program Files\Java\jdk-11\bin\server\jvm.dll
0x00007fff3ad70000 - 0x00007fff3ad78000 	C:\Windows\System32\PSAPI.DLL
0x00007ffee8920000 - 0x00007ffee8929000 	C:\Windows\SYSTEM32\WSOCK32.dll
0x00007fff3ade0000 - 0x00007fff3ae4b000 	C:\Windows\System32\WS2_32.dll
0x00007fff2f290000 - 0x00007fff2f2b7000 	C:\Windows\SYSTEM32\WINMM.dll
0x00007fff37310000 - 0x00007fff37322000 	C:\Windows\SYSTEM32\kernel.appcore.dll
0x00007ffee8910000 - 0x00007ffee8920000 	C:\Program Files\Java\jdk-11\bin\verify.dll
0x00007fff2f480000 - 0x00007fff2f664000 	C:\Windows\SYSTEM32\DBGHELP.DLL
0x00007fff26d90000 - 0x00007fff26dc4000 	C:\Windows\SYSTEM32\dbgcore.DLL
0x00007fff396e0000 - 0x00007fff39762000 	C:\Windows\System32\bcryptPrimitives.dll
0x00007ffee88e0000 - 0x00007ffee8908000 	C:\Program Files\Java\jdk-11\bin\java.dll
0x00007ffee88d0000 - 0x00007ffee88da000 	C:\Program Files\Java\jdk-11\bin\jimage.dll
0x00007ffee88b0000 - 0x00007ffee88c7000 	C:\Program Files\Java\jdk-11\bin\zip.dll
0x00007fff3a280000 - 0x00007fff3a9c4000 	C:\Windows\System32\SHELL32.dll
0x00007fff37510000 - 0x00007fff37ca3000 	C:\Windows\SYSTEM32\windows.storage.dll
0x00007fff3aff0000 - 0x00007fff3b344000 	C:\Windows\System32\combase.dll
0x00007fff38dd0000 - 0x00007fff38dfe000 	C:\Windows\SYSTEM32\Wldp.dll
0x00007fff3b7c0000 - 0x00007fff3b86d000 	C:\Windows\System32\SHCORE.dll
0x00007fff3a0c0000 - 0x00007fff3a115000 	C:\Windows\System32\shlwapi.dll
0x00007fff39390000 - 0x00007fff393af000 	C:\Windows\SYSTEM32\profapi.dll
0x00007ffee8890000 - 0x00007ffee88a9000 	C:\Program Files\Java\jdk-11\bin\net.dll
0x00007fff31e80000 - 0x00007fff31f8a000 	C:\Windows\SYSTEM32\WINHTTP.dll
0x00007fff38b30000 - 0x00007fff38b9a000 	C:\Windows\system32\mswsock.dll
0x00007ffee8870000 - 0x00007ffee8882000 	C:\Program Files\Java\jdk-11\bin\nio.dll
0x00007ffee5c10000 - 0x00007ffee5c37000 	C:\Users\anonyMost\.gradle\native\e1d6ef7f7dcc3fd88c89a11ec53ec762bb8ba0a96d01ffa2cd45eb1d1d8dd5c5\windows-amd64\native-platform.dll
0x00007ffee5a90000 - 0x00007ffee5bd4000 	C:\Users\anonyMost\.gradle\native\0d407fdbe67a94daf76414ababcb853783967236a71b16ec16e742cd7a986fd3\windows-amd64\native-platform-file-events.dll
0x00007ffee5bf0000 - 0x00007ffee5bf9000 	C:\Program Files\Java\jdk-11\bin\management.dll
0x00007ffee5be0000 - 0x00007ffee5beb000 	C:\Program Files\Java\jdk-11\bin\management_ext.dll
0x00007fff38d30000 - 0x00007fff38d48000 	C:\Windows\SYSTEM32\CRYPTSP.dll
0x00007fff38450000 - 0x00007fff38484000 	C:\Windows\system32\rsaenh.dll
0x00007fff39550000 - 0x00007fff39577000 	C:\Windows\System32\bcrypt.dll
0x00007fff39310000 - 0x00007fff3933e000 	C:\Windows\SYSTEM32\USERENV.dll
0x00007fff38d20000 - 0x00007fff38d2c000 	C:\Windows\SYSTEM32\CRYPTBASE.dll
0x00007fff38820000 - 0x00007fff3885c000 	C:\Windows\SYSTEM32\IPHLPAPI.DLL
0x00007fff3bcc0000 - 0x00007fff3bcc8000 	C:\Windows\System32\NSI.dll
0x00007fff32460000 - 0x00007fff32477000 	C:\Windows\SYSTEM32\dhcpcsvc6.DLL
0x00007fff32e90000 - 0x00007fff32ead000 	C:\Windows\SYSTEM32\dhcpcsvc.DLL
0x00007fff38860000 - 0x00007fff3892b000 	C:\Windows\SYSTEM32\DNSAPI.dll
0x00007fff2d0b0000 - 0x00007fff2d0bd000 	C:\Program Files\Java\jdk-11\bin\sunmscapi.dll
0x00007fff39580000 - 0x00007fff396de000 	C:\Windows\System32\CRYPT32.dll
0x00007fff38e40000 - 0x00007fff38e68000 	C:\Windows\SYSTEM32\ncrypt.dll
0x00007fff38e00000 - 0x00007fff38e3b000 	C:\Windows\SYSTEM32\NTASN1.dll
0x00007fff2d080000 - 0x00007fff2d0a7000 	C:\Program Files\Java\jdk-11\bin\sunec.dll
0x00007fff29a10000 - 0x00007fff29a1a000 	C:\Windows\System32\rasadhlp.dll
0x00007fff29a30000 - 0x00007fff29ab2000 	C:\Windows\System32\fwpuclnt.dll

dbghelp: loaded successfully - version: 4.0.5 - missing functions: none
symbol engine: initialized successfully - sym options: 0x614 - pdb path: .;C:\Program Files\Java\jdk-11\bin;C:\Windows\SYSTEM32;C:\Windows\WinSxS\amd64_microsoft.windows.common-controls_6595b64144ccf1df_6.0.19041.1110_none_60b5254171f9507e;C:\Program Files\Java\jdk-11\bin\server;C:\Users\anonyMost\.gradle\native\e1d6ef7f7dcc3fd88c89a11ec53ec762bb8ba0a96d01ffa2cd45eb1d1d8dd5c5\windows-amd64;C:\Users\anonyMost\.gradle\native\0d407fdbe67a94daf76414ababcb853783967236a71b16ec16e742cd7a986fd3\windows-amd64

VM Arguments:
jvm_args: -XX:MaxMetaspaceSize=512m --add-opens=java.base/java.util=ALL-UNNAMED --add-opens=java.base/java.lang=ALL-UNNAMED --add-opens=java.base/java.lang.invoke=ALL-UNNAMED --add-opens=java.base/java.util=ALL-UNNAMED --add-opens=java.prefs/java.util.prefs=ALL-UNNAMED --add-opens=java.prefs/java.util.prefs=ALL-UNNAMED --add-opens=java.base/java.nio.charset=ALL-UNNAMED --add-opens=java.base/java.net=ALL-UNNAMED --add-opens=java.base/java.util.concurrent.atomic=ALL-UNNAMED -Xmx2048m -Dfile.encoding=windows-1252 -Duser.country=GB -Duser.language=en -Duser.variant 
java_command: org.gradle.launcher.daemon.bootstrap.GradleDaemon 7.5.1
java_class_path (initial): C:\Users\anonyMost\.gradle\wrapper\dists\gradle-7.5.1-all\1ehga6e77gqps5uk2kc5kf1vc\gradle-7.5.1\lib\gradle-launcher-7.5.1.jar
Launcher Type: SUN_STANDARD

[Global flags]
     intx CICompilerCount                          = 4                                         {product} {ergonomic}
   size_t CompressedClassSpaceSize                 = 528482304                                 {product} {ergonomic}
     uint ConcGCThreads                            = 2                                         {product} {ergonomic}
     uint G1ConcRefinementThreads                  = 8                                         {product} {ergonomic}
   size_t G1HeapRegionSize                         = 1048576                                   {product} {ergonomic}
    uintx GCDrainStackTargetSize                   = 64                                        {product} {ergonomic}
   size_t InitialHeapSize                          = 117440512                                 {product} {ergonomic}
   size_t MarkStackSize                            = 4194304                                   {product} {ergonomic}
   size_t MaxHeapSize                              = 2147483648                                {product} {command line}
   size_t MaxMetaspaceSize                         = 536870912                                 {product} {command line}
   size_t MaxNewSize                               = 1287651328                                {product} {ergonomic}
   size_t MinHeapDeltaBytes                        = 1048576                                   {product} {ergonomic}
    uintx NonNMethodCodeHeapSize                   = 5836300                                {pd product} {ergonomic}
    uintx NonProfiledCodeHeapSize                  = 122910970                              {pd product} {ergonomic}
    uintx ProfiledCodeHeapSize                     = 122910970                              {pd product} {ergonomic}
    uintx ReservedCodeCacheSize                    = 251658240                              {pd product} {ergonomic}
     bool SegmentedCodeCache                       = true                                      {product} {ergonomic}
     bool UseCompressedClassPointers               = true                                 {lp64_product} {ergonomic}
     bool UseCompressedOops                        = true                                 {lp64_product} {ergonomic}
     bool UseG1GC                                  = true                                      {product} {ergonomic}
     bool UseLargePagesIndividualAllocation        = false                                  {pd product} {ergonomic}

Logging:
Log output configuration:
 #0: stdout all=warning uptime,level,tags
 #1: stderr all=off uptime,level,tags

Environment Variables:
CLASSPATH=C:\Users\anonyMost\Desktop\React-App-Layanan-Akta\android\\gradle\wrapper\gradle-wrapper.jar
PATH=C:\Users\anonyMost\Desktop\React-App-Layanan-Akta\android\node_modules\.bin;C:\Users\anonyMost\Desktop\React-App-Layanan-Akta\node_modules\.bin;C:\Users\anonyMost\Desktop\node_modules\.bin;C:\Users\anonyMost\node_modules\.bin;C:\Users\node_modules\.bin;C:\node_modules\.bin;C:\Program Files\nodejs;C:\Users\anonyMost\Desktop\React-App-Layanan-Akta\node_modules\.bin;C:\Users\anonyMost\Desktop\node_modules\.bin;C:\Users\anonyMost\node_modules\.bin;C:\Users\node_modules\.bin;C:\node_modules\.bin;C:\Program Files\nodejs\node_modules\npm\node_modules\@npmcli\run-script\lib\node-gyp-bin;C:\Program Files\Common Files\Oracle\Java\javapath;C:\Python311\Scripts\;C:\Python311\;C:\Windows\system32;C:\Windows;C:\Windows\System32\Wbem;C:\Windows\System32\WindowsPowerShell\v1.0\;C:\Windows\System32\OpenSSH\;C:\Program Files\nodejs\;C:\ProgramData\chocolatey\bin;C:\Program Files\Git\cmd;C:\Users\anonyMost\AppData\Local\Android\Sdk\platform-tools;C:\Users\anonyMost\AppData\Local\Microsoft\WindowsApps;C:\Users\anonyMost\AppData\Local\Programs\Microsoft VS Code\bin;C:\Users\anonyMost\AppData\Roaming\npm;C:\Users\anonyMost\AppData\Local\Android\Sdk\platform-tools;
USERNAME=anonyMost
OS=Windows_NT
PROCESSOR_IDENTIFIER=AMD64 Family 23 Model 17 Stepping 0, AuthenticAMD



---------------  S Y S T E M  ---------------

OS: Windows 10 , 64 bit Build 19041 (10.0.19041.2913)

CPU:total 8 (initial active 8) (8 cores per cpu, 2 threads per core) family 23 model 17 stepping 0 microcode 0x0, cmov, cx8, fxsr, mmx, sse, sse2, sse3, ssse3, sse4.1, sse4.2, popcnt, avx, avx2, aes, clmul, mmxext, 3dnowpref, lzcnt, sse4a, ht, tsc, tscinvbit, tscinv, bmi1, bmi2, adx, s

Memory: 4k page, system-wide physical 7123M (1073M free)
TotalPageFile size 13267M (AvailPageFile size 3985M)
current process WorkingSet (physical memory assigned to process): 360M, peak: 636M
current process commit charge ("private bytes"): 736M, peak: 752M

vm_info: Java HotSpot(TM) 64-Bit Server VM (11.0.18+9-LTS-195) for windows-amd64 JRE (11.0.18+9-LTS-195), built on Dec  6 2022 15:50:58 by "mach5one" with MS VC++ 17.1 (VS2022)

END.
